13:20:32 - com.alibaba.druid.pool.GetConnectionTimeoutException: wait millis 60, active 0, maxActive 50 
13:20:32 - com.alibaba.druid.pool.GetConnectionTimeoutException: wait millis 60, active 0, maxActive 50 
13:25:23 - java.sql.SQLException: 结果集在最后一行之后 
13:25:23 - java.sql.SQLException: 结果集在最后一行之后
	at oracle.jdbc.driver.GeneratedScrollableResultSet.getString(GeneratedScrollableResultSet.java:970)
	at oracle.jdbc.driver.GeneratedResultSet.getString(GeneratedResultSet.java:1460)
	at com.alibaba.druid.filter.FilterChainImpl.resultSet_getString(FilterChainImpl.java:811)
	at com.alibaba.druid.filter.stat.StatFilter.resultSet_getString(StatFilter.java:931)
	at com.alibaba.druid.filter.FilterChainImpl.resultSet_getString(FilterChainImpl.java:809)
	at com.alibaba.druid.proxy.jdbc.ResultSetProxyImpl.getString(ResultSetProxyImpl.java:693)
	at com.alibaba.druid.pool.DruidPooledResultSet.getString(DruidPooledResultSet.java:257)
	at com.estudio.impl.db.DBCommand.getString(DBCommand.java:396)
	at com.estudio.gis.oracle.WebGISResourceService4Oracle.getDynamicLayerLink(WebGISResourceService4Oracle.java:2437)
	at com.estudio.gis.oracle.WebGISResourceService4Oracle.getMISLayerRecords(WebGISResourceService4Oracle.java:2407)
	at com.estudio.blazeds.services.WebGISService.getMISLayerRecords(WebGISService.java:464)
	at sun.reflect.NativeMethodAccessorImpl.invoke0(Native Method)
	at sun.reflect.NativeMethodAccessorImpl.invoke(NativeMethodAccessorImpl.java:57)
	at sun.reflect.DelegatingMethodAccessorImpl.invoke(DelegatingMethodAccessorImpl.java:43)
	at java.lang.reflect.Method.invoke(Method.java:606)
	at flex.messaging.services.remoting.adapters.JavaAdapter.invoke(JavaAdapter.java:418)
	at flex.messaging.services.RemotingService.serviceMessage(RemotingService.java:183)
	at flex.messaging.MessageBroker.routeMessageToService(MessageBroker.java:1400)
	at flex.messaging.endpoints.AbstractEndpoint.serviceMessage(AbstractEndpoint.java:1005)
	at flex.messaging.endpoints.amf.MessageBrokerFilter.invoke(MessageBrokerFilter.java:103)
	at flex.messaging.endpoints.amf.LegacyFilter.invoke(LegacyFilter.java:158)
	at flex.messaging.endpoints.amf.SessionFilter.invoke(SessionFilter.java:44)
	at flex.messaging.endpoints.amf.BatchProcessFilter.invoke(BatchProcessFilter.java:67)
	at flex.messaging.endpoints.amf.SerializationFilter.invoke(SerializationFilter.java:166)
	at flex.messaging.endpoints.BaseHTTPEndpoint.service(BaseHTTPEndpoint.java:291)
	at flex.messaging.MessageBrokerServlet.service(MessageBrokerServlet.java:353)
	at javax.servlet.http.HttpServlet.service(HttpServlet.java:731)
	at org.apache.catalina.core.ApplicationFilterChain.internalDoFilter(ApplicationFilterChain.java:303)
	at org.apache.catalina.core.ApplicationFilterChain.doFilter(ApplicationFilterChain.java:208)
	at org.apache.tomcat.websocket.server.WsFilter.doFilter(WsFilter.java:52)
	at org.apache.catalina.core.ApplicationFilterChain.internalDoFilter(ApplicationFilterChain.java:241)
	at org.apache.catalina.core.ApplicationFilterChain.doFilter(ApplicationFilterChain.java:208)
	at org.apache.catalina.core.StandardWrapperValve.invoke(StandardWrapperValve.java:218)
	at org.apache.catalina.core.StandardContextValve.invoke(StandardContextValve.java:110)
	at org.apache.catalina.authenticator.AuthenticatorBase.invoke(AuthenticatorBase.java:506)
	at org.apache.catalina.core.StandardHostValve.invoke(StandardHostValve.java:169)
	at org.apache.catalina.valves.ErrorReportValve.invoke(ErrorReportValve.java:103)
	at org.apache.catalina.valves.AccessLogValve.invoke(AccessLogValve.java:962)
	at org.apache.catalina.core.StandardEngineValve.invoke(StandardEngineValve.java:116)
	at org.apache.catalina.connector.CoyoteAdapter.service(CoyoteAdapter.java:445)
	at org.apache.coyote.http11.AbstractHttp11Processor.process(AbstractHttp11Processor.java:1087)
	at org.apache.coyote.AbstractProtocol$AbstractConnectionHandler.process(AbstractProtocol.java:637)
	at org.apache.tomcat.util.net.AprEndpoint$SocketProcessor.doRun(AprEndpoint.java:2536)
	at org.apache.tomcat.util.net.AprEndpoint$SocketProcessor.run(AprEndpoint.java:2525)
	at java.util.concurrent.ThreadPoolExecutor.runWorker(ThreadPoolExecutor.java:1145)
	at java.util.concurrent.ThreadPoolExecutor$Worker.run(ThreadPoolExecutor.java:615)
	at org.apache.tomcat.util.threads.TaskThread$WrappingRunnable.run(TaskThread.java:61)
	at java.lang.Thread.run(Thread.java:745)
 
13:42:32 - com.alibaba.druid.pool.GetConnectionTimeoutException: wait millis 60, active 0, maxActive 50 
13:42:32 - com.alibaba.druid.pool.GetConnectionTimeoutException: wait millis 60, active 0, maxActive 50 
13:48:18 - com.alibaba.druid.pool.GetConnectionTimeoutException: wait millis 60, active 0, maxActive 50 
13:48:18 - com.alibaba.druid.pool.GetConnectionTimeoutException: wait millis 60, active 0, maxActive 50 
13:50:32 - com.alibaba.druid.pool.GetConnectionTimeoutException: wait millis 60, active 0, maxActive 50 
13:50:32 - com.alibaba.druid.pool.GetConnectionTimeoutException: wait millis 60, active 0, maxActive 50 
13:53:43 - com.alibaba.druid.pool.GetConnectionTimeoutException: wait millis 60, active 0, maxActive 50 
13:53:43 - com.alibaba.druid.pool.GetConnectionTimeoutException: wait millis 60, active 0, maxActive 50 
14:23:53 - com.alibaba.druid.pool.GetConnectionTimeoutException: wait millis 60, active 0, maxActive 50 
14:23:53 - com.alibaba.druid.pool.GetConnectionTimeoutException: wait millis 60, active 0, maxActive 50 
15:09:14 - com.alibaba.druid.pool.GetConnectionTimeoutException: wait millis 60, active 0, maxActive 50 
15:09:14 - com.alibaba.druid.pool.GetConnectionTimeoutException: wait millis 60, active 0, maxActive 50 
16:35:22 - com.alibaba.druid.pool.GetConnectionTimeoutException: wait millis 60, active 0, maxActive 50 
16:35:22 - com.alibaba.druid.pool.GetConnectionTimeoutException: wait millis 60, active 0, maxActive 50 
16:35:22 - com.alibaba.druid.pool.GetConnectionTimeoutException: wait millis 60, active 0, maxActive 50, runningSqlCount 1 : select 1 from dual 
