11:16:44 - com.alibaba.druid.pool.GetConnectionTimeoutException: wait millis 60, active 0, maxActive 50 
11:16:44 - com.alibaba.druid.pool.GetConnectionTimeoutException: wait millis 61, active 0, maxActive 50 
11:16:45 - com.alibaba.druid.pool.GetConnectionTimeoutException: wait millis 60, active 0, maxActive 50 
11:16:53 - com.alibaba.druid.pool.GetConnectionTimeoutException: wait millis 60, active 0, maxActive 50 
11:16:53 - com.alibaba.druid.pool.GetConnectionTimeoutException: wait millis 60, active 0, maxActive 50
	at com.alibaba.druid.pool.DruidDataSource.getConnectionInternal(DruidDataSource.java:1195)
	at com.alibaba.druid.pool.DruidDataSource.getConnectionDirect(DruidDataSource.java:1017)
	at com.alibaba.druid.filter.FilterChainImpl.dataSource_connect(FilterChainImpl.java:4544)
	at com.alibaba.druid.filter.stat.StatFilter.dataSource_getConnection(StatFilter.java:662)
	at com.alibaba.druid.filter.FilterChainImpl.dataSource_connect(FilterChainImpl.java:4540)
	at com.alibaba.druid.pool.DruidDataSource.getConnection(DruidDataSource.java:995)
	at com.alibaba.druid.pool.DruidDataSource.getConnection(DruidDataSource.java:987)
	at com.estudio.impl.db.DBConnProviderBase.getConnection(DBConnProviderBase.java:58)
	at com.estudio.impl.db.DBHelper4Oracle.getConnection(DBHelper4Oracle.java:42)
	at com.estudio.impl.service.sercure.ClientLoginService.login(ClientLoginService.java:109)
	at com.estudio.web.servlet.Login.loginByUserAndPassword(Login.java:187)
	at com.estudio.web.servlet.Login.doRequest(Login.java:38)
	at com.estudio.web.servlet.BaseServlet.doPost(BaseServlet.java:332)
	at javax.servlet.http.HttpServlet.service(HttpServlet.java:650)
	at javax.servlet.http.HttpServlet.service(HttpServlet.java:731)
	at org.apache.catalina.core.ApplicationFilterChain.internalDoFilter(ApplicationFilterChain.java:303)
	at org.apache.catalina.core.ApplicationFilterChain.doFilter(ApplicationFilterChain.java:208)
	at org.apache.tomcat.websocket.server.WsFilter.doFilter(WsFilter.java:52)
	at org.apache.catalina.core.ApplicationFilterChain.internalDoFilter(ApplicationFilterChain.java:241)
	at org.apache.catalina.core.ApplicationFilterChain.doFilter(ApplicationFilterChain.java:208)
	at com.estudio.web.filter.EncodingFilter.doFilter(EncodingFilter.java:49)
	at org.apache.catalina.core.ApplicationFilterChain.internalDoFilter(ApplicationFilterChain.java:241)
	at org.apache.catalina.core.ApplicationFilterChain.doFilter(ApplicationFilterChain.java:208)
	at org.apache.catalina.core.StandardWrapperValve.invoke(StandardWrapperValve.java:218)
	at org.apache.catalina.core.StandardContextValve.invoke(StandardContextValve.java:110)
	at org.apache.catalina.authenticator.AuthenticatorBase.invoke(AuthenticatorBase.java:506)
	at org.apache.catalina.core.StandardHostValve.invoke(StandardHostValve.java:169)
	at org.apache.catalina.valves.ErrorReportValve.invoke(ErrorReportValve.java:103)
	at org.apache.catalina.valves.AccessLogValve.invoke(AccessLogValve.java:962)
	at org.apache.catalina.core.StandardEngineValve.invoke(StandardEngineValve.java:116)
	at org.apache.catalina.connector.CoyoteAdapter.service(CoyoteAdapter.java:445)
	at org.apache.coyote.http11.AbstractHttp11Processor.process(AbstractHttp11Processor.java:1087)
	at org.apache.coyote.AbstractProtocol$AbstractConnectionHandler.process(AbstractProtocol.java:637)
	at org.apache.tomcat.util.net.AprEndpoint$SocketProcessor.doRun(AprEndpoint.java:2536)
	at org.apache.tomcat.util.net.AprEndpoint$SocketProcessor.run(AprEndpoint.java:2525)
	at java.util.concurrent.ThreadPoolExecutor.runWorker(ThreadPoolExecutor.java:1145)
	at java.util.concurrent.ThreadPoolExecutor$Worker.run(ThreadPoolExecutor.java:615)
	at org.apache.tomcat.util.threads.TaskThread$WrappingRunnable.run(TaskThread.java:61)
	at java.lang.Thread.run(Thread.java:745)
 
11:16:56 - com.alibaba.druid.pool.GetConnectionTimeoutException: wait millis 60, active 0, maxActive 50 
11:16:56 - com.alibaba.druid.pool.GetConnectionTimeoutException: wait millis 60, active 0, maxActive 50
	at com.alibaba.druid.pool.DruidDataSource.getConnectionInternal(DruidDataSource.java:1195)
	at com.alibaba.druid.pool.DruidDataSource.getConnectionDirect(DruidDataSource.java:1017)
	at com.alibaba.druid.filter.FilterChainImpl.dataSource_connect(FilterChainImpl.java:4544)
	at com.alibaba.druid.filter.stat.StatFilter.dataSource_getConnection(StatFilter.java:662)
	at com.alibaba.druid.filter.FilterChainImpl.dataSource_connect(FilterChainImpl.java:4540)
	at com.alibaba.druid.pool.DruidDataSource.getConnection(DruidDataSource.java:995)
	at com.alibaba.druid.pool.DruidDataSource.getConnection(DruidDataSource.java:987)
	at com.estudio.impl.db.DBConnProviderBase.getConnection(DBConnProviderBase.java:58)
	at com.estudio.impl.db.DBHelper4Oracle.getConnection(DBHelper4Oracle.java:42)
	at com.estudio.impl.service.sercure.ClientLoginService.login(ClientLoginService.java:109)
	at com.estudio.web.servlet.Login.loginByUserAndPassword(Login.java:187)
	at com.estudio.web.servlet.Login.doRequest(Login.java:38)
	at com.estudio.web.servlet.BaseServlet.doPost(BaseServlet.java:332)
	at javax.servlet.http.HttpServlet.service(HttpServlet.java:650)
	at javax.servlet.http.HttpServlet.service(HttpServlet.java:731)
	at org.apache.catalina.core.ApplicationFilterChain.internalDoFilter(ApplicationFilterChain.java:303)
	at org.apache.catalina.core.ApplicationFilterChain.doFilter(ApplicationFilterChain.java:208)
	at org.apache.tomcat.websocket.server.WsFilter.doFilter(WsFilter.java:52)
	at org.apache.catalina.core.ApplicationFilterChain.internalDoFilter(ApplicationFilterChain.java:241)
	at org.apache.catalina.core.ApplicationFilterChain.doFilter(ApplicationFilterChain.java:208)
	at com.estudio.web.filter.EncodingFilter.doFilter(EncodingFilter.java:49)
	at org.apache.catalina.core.ApplicationFilterChain.internalDoFilter(ApplicationFilterChain.java:241)
	at org.apache.catalina.core.ApplicationFilterChain.doFilter(ApplicationFilterChain.java:208)
	at org.apache.catalina.core.StandardWrapperValve.invoke(StandardWrapperValve.java:218)
	at org.apache.catalina.core.StandardContextValve.invoke(StandardContextValve.java:110)
	at org.apache.catalina.authenticator.AuthenticatorBase.invoke(AuthenticatorBase.java:506)
	at org.apache.catalina.core.StandardHostValve.invoke(StandardHostValve.java:169)
	at org.apache.catalina.valves.ErrorReportValve.invoke(ErrorReportValve.java:103)
	at org.apache.catalina.valves.AccessLogValve.invoke(AccessLogValve.java:962)
	at org.apache.catalina.core.StandardEngineValve.invoke(StandardEngineValve.java:116)
	at org.apache.catalina.connector.CoyoteAdapter.service(CoyoteAdapter.java:445)
	at org.apache.coyote.http11.AbstractHttp11Processor.process(AbstractHttp11Processor.java:1087)
	at org.apache.coyote.AbstractProtocol$AbstractConnectionHandler.process(AbstractProtocol.java:637)
	at org.apache.tomcat.util.net.AprEndpoint$SocketProcessor.doRun(AprEndpoint.java:2536)
	at org.apache.tomcat.util.net.AprEndpoint$SocketProcessor.run(AprEndpoint.java:2525)
	at java.util.concurrent.ThreadPoolExecutor.runWorker(ThreadPoolExecutor.java:1145)
	at java.util.concurrent.ThreadPoolExecutor$Worker.run(ThreadPoolExecutor.java:615)
	at org.apache.tomcat.util.threads.TaskThread$WrappingRunnable.run(TaskThread.java:61)
	at java.lang.Thread.run(Thread.java:745)
 
11:17:52 - com.alibaba.druid.pool.GetConnectionTimeoutException: wait millis 60, active 0, maxActive 50 
11:17:52 - com.alibaba.druid.pool.GetConnectionTimeoutException: wait millis 61, active 0, maxActive 50 
11:47:39 - com.alibaba.druid.pool.GetConnectionTimeoutException: wait millis 60, active 0, maxActive 50 
11:47:39 - com.alibaba.druid.pool.GetConnectionTimeoutException: wait millis 60, active 0, maxActive 50 
11:52:23 - com.alibaba.druid.pool.GetConnectionTimeoutException: wait millis 60, active 0, maxActive 50 
11:52:23 - com.alibaba.druid.pool.GetConnectionTimeoutException: wait millis 60, active 0, maxActive 50 
13:12:42 - com.alibaba.druid.pool.GetConnectionTimeoutException: wait millis 60, active 0, maxActive 50 
13:12:42 - com.alibaba.druid.pool.GetConnectionTimeoutException: wait millis 60, active 0, maxActive 50 
13:12:42 - com.alibaba.druid.pool.GetConnectionTimeoutException: wait millis 60, active 0, maxActive 50, runningSqlCount 1 : select 1 from dual 
15:33:24 - com.alibaba.druid.pool.GetConnectionTimeoutException: wait millis 60, active 0, maxActive 50 
15:33:24 - com.alibaba.druid.pool.GetConnectionTimeoutException: wait millis 60, active 0, maxActive 50 
15:35:34 - com.alibaba.druid.pool.GetConnectionTimeoutException: wait millis 60, active 0, maxActive 50 
15:35:34 - com.alibaba.druid.pool.GetConnectionTimeoutException: wait millis 60, active 0, maxActive 50 
15:35:34 - com.alibaba.druid.pool.GetConnectionTimeoutException: wait millis 60, active 0, maxActive 50, runningSqlCount 1 : select 1 from dual 
15:36:01 - com.alibaba.druid.pool.GetConnectionTimeoutException: wait millis 60, active 0, maxActive 50 
15:36:01 - com.alibaba.druid.pool.GetConnectionTimeoutException: wait millis 60, active 0, maxActive 50 
15:37:52 - com.alibaba.druid.pool.GetConnectionTimeoutException: wait millis 60, active 0, maxActive 50 
15:37:52 - com.alibaba.druid.pool.GetConnectionTimeoutException: wait millis 60, active 0, maxActive 50 
15:37:52 - com.alibaba.druid.pool.GetConnectionTimeoutException: wait millis 60, active 0, maxActive 50, runningSqlCount 1 : select 1 from dual 
15:38:27 - com.alibaba.druid.pool.GetConnectionTimeoutException: wait millis 60, active 0, maxActive 50 
15:38:27 - com.alibaba.druid.pool.GetConnectionTimeoutException: wait millis 60, active 0, maxActive 50 
15:49:23 - com.alibaba.druid.pool.GetConnectionTimeoutException: wait millis 60, active 0, maxActive 50 
15:49:23 - com.alibaba.druid.pool.GetConnectionTimeoutException: wait millis 60, active 0, maxActive 50 
15:49:24 - com.alibaba.druid.pool.GetConnectionTimeoutException: wait millis 60, active 0, maxActive 50, runningSqlCount 1 : select 1 from dual 
15:55:01 - com.alibaba.druid.pool.GetConnectionTimeoutException: wait millis 60, active 0, maxActive 50 
15:55:01 - com.alibaba.druid.pool.GetConnectionTimeoutException: wait millis 60, active 0, maxActive 50 
16:29:11 - com.alibaba.druid.pool.GetConnectionTimeoutException: wait millis 60, active 0, maxActive 50 
16:29:11 - com.alibaba.druid.pool.GetConnectionTimeoutException: wait millis 60, active 0, maxActive 50 
16:29:11 - com.alibaba.druid.pool.GetConnectionTimeoutException: wait millis 60, active 0, maxActive 50, runningSqlCount 1 : select 1 from dual 
16:33:41 - com.alibaba.druid.pool.GetConnectionTimeoutException: wait millis 60, active 0, maxActive 50 
16:33:41 - com.alibaba.druid.pool.GetConnectionTimeoutException: wait millis 60, active 0, maxActive 50 
16:33:42 - com.alibaba.druid.pool.GetConnectionTimeoutException: wait millis 60, active 0, maxActive 50, runningSqlCount 1 : select 1 from dual 
16:36:07 - com.alibaba.druid.pool.GetConnectionTimeoutException: wait millis 60, active 0, maxActive 50 
16:36:07 - com.alibaba.druid.pool.GetConnectionTimeoutException: wait millis 60, active 0, maxActive 50 
16:52:45 - com.alibaba.druid.pool.GetConnectionTimeoutException: wait millis 60, active 0, maxActive 50 
16:52:45 - com.alibaba.druid.pool.GetConnectionTimeoutException: wait millis 60, active 0, maxActive 50 
16:52:45 - com.alibaba.druid.pool.GetConnectionTimeoutException: wait millis 60, active 0, maxActive 50, runningSqlCount 1 : select 1 from dual 
16:55:35 - com.alibaba.druid.pool.GetConnectionTimeoutException: wait millis 60, active 0, maxActive 50 
16:55:35 - com.alibaba.druid.pool.GetConnectionTimeoutException: wait millis 60, active 0, maxActive 50 
16:55:35 - com.alibaba.druid.pool.GetConnectionTimeoutException: wait millis 60, active 0, maxActive 50, runningSqlCount 1 : select 1 from dual 
16:57:07 - com.alibaba.druid.pool.GetConnectionTimeoutException: wait millis 60, active 0, maxActive 50 
16:57:07 - com.alibaba.druid.pool.GetConnectionTimeoutException: wait millis 60, active 0, maxActive 50 
17:00:38 - com.alibaba.druid.pool.GetConnectionTimeoutException: wait millis 60, active 0, maxActive 50 
17:00:38 - com.alibaba.druid.pool.GetConnectionTimeoutException: wait millis 60, active 0, maxActive 50 
17:00:38 - com.alibaba.druid.pool.GetConnectionTimeoutException: wait millis 60, active 0, maxActive 50, runningSqlCount 1 : select 1 from dual 
17:01:19 - com.alibaba.druid.pool.GetConnectionTimeoutException: wait millis 60, active 0, maxActive 50 
17:01:19 - com.alibaba.druid.pool.GetConnectionTimeoutException: wait millis 62, active 0, maxActive 50 
17:03:19 - com.alibaba.druid.pool.GetConnectionTimeoutException: wait millis 60, active 0, maxActive 50 
17:03:19 - com.alibaba.druid.pool.GetConnectionTimeoutException: wait millis 60, active 0, maxActive 50 
17:03:20 - com.alibaba.druid.pool.GetConnectionTimeoutException: wait millis 60, active 0, maxActive 50, runningSqlCount 1 : select 1 from dual 
17:04:08 - com.alibaba.druid.pool.GetConnectionTimeoutException: wait millis 60, active 0, maxActive 50 
17:04:08 - com.alibaba.druid.pool.GetConnectionTimeoutException: wait millis 60, active 0, maxActive 50 
17:05:00 - com.alibaba.druid.pool.GetConnectionTimeoutException: wait millis 60, active 0, maxActive 50 
17:05:00 - com.alibaba.druid.pool.GetConnectionTimeoutException: wait millis 60, active 0, maxActive 50 
17:08:04 - com.alibaba.druid.pool.GetConnectionTimeoutException: wait millis 60, active 0, maxActive 50 
17:08:04 - com.alibaba.druid.pool.GetConnectionTimeoutException: wait millis 60, active 0, maxActive 50 
17:08:04 - com.alibaba.druid.pool.GetConnectionTimeoutException: wait millis 60, active 0, maxActive 50, runningSqlCount 1 : select 1 from dual 
17:08:55 - com.alibaba.druid.pool.GetConnectionTimeoutException: wait millis 60, active 0, maxActive 50 
17:08:55 - com.alibaba.druid.pool.GetConnectionTimeoutException: wait millis 60, active 0, maxActive 50 
