09:28:51 - com.alibaba.druid.pool.GetConnectionTimeoutException: wait millis 60, active 0, maxActive 50 
09:28:51 - com.alibaba.druid.pool.GetConnectionTimeoutException: wait millis 60, active 0, maxActive 50 
09:36:37 - com.alibaba.druid.pool.GetConnectionTimeoutException: wait millis 60, active 0, maxActive 50 
09:36:37 - com.alibaba.druid.pool.GetConnectionTimeoutException: wait millis 60, active 0, maxActive 50 
09:36:37 - com.alibaba.druid.pool.GetConnectionTimeoutException: wait millis 60, active 0, maxActive 50, runningSqlCount 1 : select 1 from dual 
09:37:43 - java.lang.NullPointerException 
09:37:43 - java.lang.NullPointerException
	at java.util.TreeMap.put(TreeMap.java:556)
	at java.util.TreeSet.add(TreeSet.java:255)
	at com.estudio.gis.oracle.WebGISQueryService4Oracle.getTrafficFlowTableName(WebGISQueryService4Oracle.java:524)
	at com.estudio.blazeds.services.WebGISService.getTrafficTableName(WebGISService.java:12)
	at sun.reflect.NativeMethodAccessorImpl.invoke0(Native Method)
	at sun.reflect.NativeMethodAccessorImpl.invoke(NativeMethodAccessorImpl.java:57)
	at sun.reflect.DelegatingMethodAccessorImpl.invoke(DelegatingMethodAccessorImpl.java:43)
	at java.lang.reflect.Method.invoke(Method.java:606)
	at flex.messaging.services.remoting.adapters.JavaAdapter.invoke(JavaAdapter.java:418)
	at flex.messaging.services.RemotingService.serviceMessage(RemotingService.java:183)
	at flex.messaging.MessageBroker.routeMessageToService(MessageBroker.java:1400)
	at flex.messaging.endpoints.AbstractEndpoint.serviceMessage(AbstractEndpoint.java:1005)
	at flex.messaging.endpoints.amf.MessageBrokerFilter.invoke(MessageBrokerFilter.java:103)
	at flex.messaging.endpoints.amf.LegacyFilter.invoke(LegacyFilter.java:158)
	at flex.messaging.endpoints.amf.SessionFilter.invoke(SessionFilter.java:44)
	at flex.messaging.endpoints.amf.BatchProcessFilter.invoke(BatchProcessFilter.java:67)
	at flex.messaging.endpoints.amf.SerializationFilter.invoke(SerializationFilter.java:166)
	at flex.messaging.endpoints.BaseHTTPEndpoint.service(BaseHTTPEndpoint.java:291)
	at flex.messaging.MessageBrokerServlet.service(MessageBrokerServlet.java:353)
	at javax.servlet.http.HttpServlet.service(HttpServlet.java:731)
	at org.apache.catalina.core.ApplicationFilterChain.internalDoFilter(ApplicationFilterChain.java:303)
	at org.apache.catalina.core.ApplicationFilterChain.doFilter(ApplicationFilterChain.java:208)
	at org.apache.tomcat.websocket.server.WsFilter.doFilter(WsFilter.java:52)
	at org.apache.catalina.core.ApplicationFilterChain.internalDoFilter(ApplicationFilterChain.java:241)
	at org.apache.catalina.core.ApplicationFilterChain.doFilter(ApplicationFilterChain.java:208)
	at org.apache.catalina.core.StandardWrapperValve.invoke(StandardWrapperValve.java:218)
	at org.apache.catalina.core.StandardContextValve.invoke(StandardContextValve.java:110)
	at org.apache.catalina.authenticator.AuthenticatorBase.invoke(AuthenticatorBase.java:506)
	at org.apache.catalina.core.StandardHostValve.invoke(StandardHostValve.java:169)
	at org.apache.catalina.valves.ErrorReportValve.invoke(ErrorReportValve.java:103)
	at org.apache.catalina.valves.AccessLogValve.invoke(AccessLogValve.java:962)
	at org.apache.catalina.core.StandardEngineValve.invoke(StandardEngineValve.java:116)
	at org.apache.catalina.connector.CoyoteAdapter.service(CoyoteAdapter.java:445)
	at org.apache.coyote.http11.AbstractHttp11Processor.process(AbstractHttp11Processor.java:1087)
	at org.apache.coyote.AbstractProtocol$AbstractConnectionHandler.process(AbstractProtocol.java:637)
	at org.apache.tomcat.util.net.AprEndpoint$SocketProcessor.doRun(AprEndpoint.java:2536)
	at org.apache.tomcat.util.net.AprEndpoint$SocketProcessor.run(AprEndpoint.java:2525)
	at java.util.concurrent.ThreadPoolExecutor.runWorker(ThreadPoolExecutor.java:1145)
	at java.util.concurrent.ThreadPoolExecutor$Worker.run(ThreadPoolExecutor.java:615)
	at org.apache.tomcat.util.threads.TaskThread$WrappingRunnable.run(TaskThread.java:61)
	at java.lang.Thread.run(Thread.java:745)
 
09:40:50 - com.alibaba.druid.pool.GetConnectionTimeoutException: wait millis 60, active 0, maxActive 50 
09:40:50 - com.alibaba.druid.pool.GetConnectionTimeoutException: wait millis 60, active 0, maxActive 50 
09:40:50 - com.alibaba.druid.pool.GetConnectionTimeoutException: wait millis 60, active 0, maxActive 50, runningSqlCount 1 : select 1 from dual 
09:44:09 - com.alibaba.druid.pool.GetConnectionTimeoutException: wait millis 60, active 0, maxActive 50 
09:44:09 - com.alibaba.druid.pool.GetConnectionTimeoutException: wait millis 60, active 0, maxActive 50 
09:58:17 - com.alibaba.druid.pool.GetConnectionTimeoutException: wait millis 60, active 0, maxActive 50 
09:58:17 - com.alibaba.druid.pool.GetConnectionTimeoutException: wait millis 60, active 0, maxActive 50 
10:11:25 - com.alibaba.druid.pool.GetConnectionTimeoutException: wait millis 60, active 0, maxActive 50 
10:11:25 - com.alibaba.druid.pool.GetConnectionTimeoutException: wait millis 61, active 0, maxActive 50 
10:26:44 - com.alibaba.druid.pool.GetConnectionTimeoutException: wait millis 60, active 0, maxActive 50 
10:26:44 - com.alibaba.druid.pool.GetConnectionTimeoutException: wait millis 60, active 0, maxActive 50 
10:46:55 - com.alibaba.druid.pool.GetConnectionTimeoutException: wait millis 60, active 0, maxActive 50 
10:46:55 - com.alibaba.druid.pool.GetConnectionTimeoutException: wait millis 60, active 0, maxActive 50 
10:48:35 - com.alibaba.druid.pool.GetConnectionTimeoutException: wait millis 60, active 0, maxActive 50 
10:48:35 - com.alibaba.druid.pool.GetConnectionTimeoutException: wait millis 60, active 0, maxActive 50 
10:48:36 - com.alibaba.druid.pool.GetConnectionTimeoutException: wait millis 60, active 0, maxActive 50, runningSqlCount 1 : select 1 from dual 
10:51:08 - com.alibaba.druid.pool.GetConnectionTimeoutException: wait millis 60, active 0, maxActive 50 
10:51:08 - com.alibaba.druid.pool.GetConnectionTimeoutException: wait millis 60, active 0, maxActive 50 
10:51:08 - com.alibaba.druid.pool.GetConnectionTimeoutException: wait millis 60, active 0, maxActive 50, runningSqlCount 1 : select 1 from dual 
11:45:27 - com.alibaba.druid.pool.GetConnectionTimeoutException: wait millis 60, active 0, maxActive 50 
11:45:27 - com.alibaba.druid.pool.GetConnectionTimeoutException: wait millis 60, active 0, maxActive 50 
11:46:12 - java.sql.SQLSyntaxErrorException: ORA-00904: "LXBH": 标识符无效
 
11:46:12 - java.sql.SQLSyntaxErrorException: ORA-00904: "LXBH": 标识符无效

	at oracle.jdbc.driver.T4CTTIoer.processError(T4CTTIoer.java:450)
	at oracle.jdbc.driver.T4CTTIoer.processError(T4CTTIoer.java:399)
	at oracle.jdbc.driver.T4C8Oall.processError(T4C8Oall.java:1059)
	at oracle.jdbc.driver.T4CTTIfun.receive(T4CTTIfun.java:522)
	at oracle.jdbc.driver.T4CTTIfun.doRPC(T4CTTIfun.java:257)
	at oracle.jdbc.driver.T4C8Oall.doOALL(T4C8Oall.java:587)
	at oracle.jdbc.driver.T4CPreparedStatement.doOall8(T4CPreparedStatement.java:225)
	at oracle.jdbc.driver.T4CPreparedStatement.doOall8(T4CPreparedStatement.java:53)
	at oracle.jdbc.driver.T4CPreparedStatement.executeForDescribe(T4CPreparedStatement.java:774)
	at oracle.jdbc.driver.OracleStatement.executeMaybeDescribe(OracleStatement.java:925)
	at oracle.jdbc.driver.OracleStatement.doExecuteWithTimeout(OracleStatement.java:1111)
	at oracle.jdbc.driver.OraclePreparedStatement.executeInternal(OraclePreparedStatement.java:4798)
	at oracle.jdbc.driver.OraclePreparedStatement.executeQuery(OraclePreparedStatement.java:4845)
	at oracle.jdbc.driver.OraclePreparedStatementWrapper.executeQuery(OraclePreparedStatementWrapper.java:1501)
	at com.alibaba.druid.filter.FilterChainImpl.preparedStatement_executeQuery(FilterChainImpl.java:2714)
	at com.alibaba.druid.filter.FilterEventAdapter.preparedStatement_executeQuery(FilterEventAdapter.java:465)
	at com.alibaba.druid.filter.FilterChainImpl.preparedStatement_executeQuery(FilterChainImpl.java:2711)
	at com.alibaba.druid.proxy.jdbc.PreparedStatementProxyImpl.executeQuery(PreparedStatementProxyImpl.java:145)
	at com.alibaba.druid.pool.DruidPooledPreparedStatement.executeQuery(DruidPooledPreparedStatement.java:227)
	at com.estudio.gis.oracle.WebGISQueryService4Oracle.getTrafficFlowTableName(WebGISQueryService4Oracle.java:509)
	at com.estudio.blazeds.services.WebGISService.getTrafficTableName(WebGISService.java:12)
	at sun.reflect.NativeMethodAccessorImpl.invoke0(Native Method)
	at sun.reflect.NativeMethodAccessorImpl.invoke(NativeMethodAccessorImpl.java:57)
	at sun.reflect.DelegatingMethodAccessorImpl.invoke(DelegatingMethodAccessorImpl.java:43)
	at java.lang.reflect.Method.invoke(Method.java:606)
	at flex.messaging.services.remoting.adapters.JavaAdapter.invoke(JavaAdapter.java:418)
	at flex.messaging.services.RemotingService.serviceMessage(RemotingService.java:183)
	at flex.messaging.MessageBroker.routeMessageToService(MessageBroker.java:1400)
	at flex.messaging.endpoints.AbstractEndpoint.serviceMessage(AbstractEndpoint.java:1005)
	at flex.messaging.endpoints.amf.MessageBrokerFilter.invoke(MessageBrokerFilter.java:103)
	at flex.messaging.endpoints.amf.LegacyFilter.invoke(LegacyFilter.java:158)
	at flex.messaging.endpoints.amf.SessionFilter.invoke(SessionFilter.java:44)
	at flex.messaging.endpoints.amf.BatchProcessFilter.invoke(BatchProcessFilter.java:67)
	at flex.messaging.endpoints.amf.SerializationFilter.invoke(SerializationFilter.java:166)
	at flex.messaging.endpoints.BaseHTTPEndpoint.service(BaseHTTPEndpoint.java:291)
	at flex.messaging.MessageBrokerServlet.service(MessageBrokerServlet.java:353)
	at javax.servlet.http.HttpServlet.service(HttpServlet.java:731)
	at org.apache.catalina.core.ApplicationFilterChain.internalDoFilter(ApplicationFilterChain.java:303)
	at org.apache.catalina.core.ApplicationFilterChain.doFilter(ApplicationFilterChain.java:208)
	at org.apache.tomcat.websocket.server.WsFilter.doFilter(WsFilter.java:52)
	at org.apache.catalina.core.ApplicationFilterChain.internalDoFilter(ApplicationFilterChain.java:241)
	at org.apache.catalina.core.ApplicationFilterChain.doFilter(ApplicationFilterChain.java:208)
	at org.apache.catalina.core.StandardWrapperValve.invoke(StandardWrapperValve.java:218)
	at org.apache.catalina.core.StandardContextValve.invoke(StandardContextValve.java:110)
	at org.apache.catalina.authenticator.AuthenticatorBase.invoke(AuthenticatorBase.java:506)
	at org.apache.catalina.core.StandardHostValve.invoke(StandardHostValve.java:169)
	at org.apache.catalina.valves.ErrorReportValve.invoke(ErrorReportValve.java:103)
	at org.apache.catalina.valves.AccessLogValve.invoke(AccessLogValve.java:962)
	at org.apache.catalina.core.StandardEngineValve.invoke(StandardEngineValve.java:116)
	at org.apache.catalina.connector.CoyoteAdapter.service(CoyoteAdapter.java:445)
	at org.apache.coyote.http11.AbstractHttp11Processor.process(AbstractHttp11Processor.java:1087)
	at org.apache.coyote.AbstractProtocol$AbstractConnectionHandler.process(AbstractProtocol.java:637)
	at org.apache.tomcat.util.net.AprEndpoint$SocketProcessor.doRun(AprEndpoint.java:2536)
	at org.apache.tomcat.util.net.AprEndpoint$SocketProcessor.run(AprEndpoint.java:2525)
	at java.util.concurrent.ThreadPoolExecutor.runWorker(ThreadPoolExecutor.java:1145)
	at java.util.concurrent.ThreadPoolExecutor$Worker.run(ThreadPoolExecutor.java:615)
	at org.apache.tomcat.util.threads.TaskThread$WrappingRunnable.run(TaskThread.java:61)
	at java.lang.Thread.run(Thread.java:745)
 
11:48:00 - com.alibaba.druid.pool.GetConnectionTimeoutException: wait millis 150, active 0, maxActive 50 
11:48:00 - com.alibaba.druid.pool.GetConnectionTimeoutException: wait millis 149, active 0, maxActive 50 
11:48:00 - com.alibaba.druid.pool.GetConnectionTimeoutException: wait millis 60, active 0, maxActive 50, runningSqlCount 1 : select 1 from dual 
11:48:49 - java.sql.SQLSyntaxErrorException: ORA-00904: "LXBH": 标识符无效
 
11:48:49 - java.sql.SQLSyntaxErrorException: ORA-00904: "LXBH": 标识符无效

	at oracle.jdbc.driver.T4CTTIoer.processError(T4CTTIoer.java:450)
	at oracle.jdbc.driver.T4CTTIoer.processError(T4CTTIoer.java:399)
	at oracle.jdbc.driver.T4C8Oall.processError(T4C8Oall.java:1059)
	at oracle.jdbc.driver.T4CTTIfun.receive(T4CTTIfun.java:522)
	at oracle.jdbc.driver.T4CTTIfun.doRPC(T4CTTIfun.java:257)
	at oracle.jdbc.driver.T4C8Oall.doOALL(T4C8Oall.java:587)
	at oracle.jdbc.driver.T4CPreparedStatement.doOall8(T4CPreparedStatement.java:225)
	at oracle.jdbc.driver.T4CPreparedStatement.doOall8(T4CPreparedStatement.java:53)
	at oracle.jdbc.driver.T4CPreparedStatement.executeForDescribe(T4CPreparedStatement.java:774)
	at oracle.jdbc.driver.OracleStatement.executeMaybeDescribe(OracleStatement.java:925)
	at oracle.jdbc.driver.OracleStatement.doExecuteWithTimeout(OracleStatement.java:1111)
	at oracle.jdbc.driver.OraclePreparedStatement.executeInternal(OraclePreparedStatement.java:4798)
	at oracle.jdbc.driver.OraclePreparedStatement.executeQuery(OraclePreparedStatement.java:4845)
	at oracle.jdbc.driver.OraclePreparedStatementWrapper.executeQuery(OraclePreparedStatementWrapper.java:1501)
	at com.alibaba.druid.filter.FilterChainImpl.preparedStatement_executeQuery(FilterChainImpl.java:2714)
	at com.alibaba.druid.filter.FilterEventAdapter.preparedStatement_executeQuery(FilterEventAdapter.java:465)
	at com.alibaba.druid.filter.FilterChainImpl.preparedStatement_executeQuery(FilterChainImpl.java:2711)
	at com.alibaba.druid.proxy.jdbc.PreparedStatementProxyImpl.executeQuery(PreparedStatementProxyImpl.java:145)
	at com.alibaba.druid.pool.DruidPooledPreparedStatement.executeQuery(DruidPooledPreparedStatement.java:227)
	at com.estudio.gis.oracle.WebGISQueryService4Oracle.getTrafficFlowTableName(WebGISQueryService4Oracle.java:509)
	at com.estudio.blazeds.services.WebGISService.getTrafficTableName(WebGISService.java:12)
	at sun.reflect.NativeMethodAccessorImpl.invoke0(Native Method)
	at sun.reflect.NativeMethodAccessorImpl.invoke(NativeMethodAccessorImpl.java:57)
	at sun.reflect.DelegatingMethodAccessorImpl.invoke(DelegatingMethodAccessorImpl.java:43)
	at java.lang.reflect.Method.invoke(Method.java:606)
	at flex.messaging.services.remoting.adapters.JavaAdapter.invoke(JavaAdapter.java:418)
	at flex.messaging.services.RemotingService.serviceMessage(RemotingService.java:183)
	at flex.messaging.MessageBroker.routeMessageToService(MessageBroker.java:1400)
	at flex.messaging.endpoints.AbstractEndpoint.serviceMessage(AbstractEndpoint.java:1005)
	at flex.messaging.endpoints.amf.MessageBrokerFilter.invoke(MessageBrokerFilter.java:103)
	at flex.messaging.endpoints.amf.LegacyFilter.invoke(LegacyFilter.java:158)
	at flex.messaging.endpoints.amf.SessionFilter.invoke(SessionFilter.java:44)
	at flex.messaging.endpoints.amf.BatchProcessFilter.invoke(BatchProcessFilter.java:67)
	at flex.messaging.endpoints.amf.SerializationFilter.invoke(SerializationFilter.java:166)
	at flex.messaging.endpoints.BaseHTTPEndpoint.service(BaseHTTPEndpoint.java:291)
	at flex.messaging.MessageBrokerServlet.service(MessageBrokerServlet.java:353)
	at javax.servlet.http.HttpServlet.service(HttpServlet.java:731)
	at org.apache.catalina.core.ApplicationFilterChain.internalDoFilter(ApplicationFilterChain.java:303)
	at org.apache.catalina.core.ApplicationFilterChain.doFilter(ApplicationFilterChain.java:208)
	at org.apache.tomcat.websocket.server.WsFilter.doFilter(WsFilter.java:52)
	at org.apache.catalina.core.ApplicationFilterChain.internalDoFilter(ApplicationFilterChain.java:241)
	at org.apache.catalina.core.ApplicationFilterChain.doFilter(ApplicationFilterChain.java:208)
	at org.apache.catalina.core.StandardWrapperValve.invoke(StandardWrapperValve.java:218)
	at org.apache.catalina.core.StandardContextValve.invoke(StandardContextValve.java:110)
	at org.apache.catalina.authenticator.AuthenticatorBase.invoke(AuthenticatorBase.java:506)
	at org.apache.catalina.core.StandardHostValve.invoke(StandardHostValve.java:169)
	at org.apache.catalina.valves.ErrorReportValve.invoke(ErrorReportValve.java:103)
	at org.apache.catalina.valves.AccessLogValve.invoke(AccessLogValve.java:962)
	at org.apache.catalina.core.StandardEngineValve.invoke(StandardEngineValve.java:116)
	at org.apache.catalina.connector.CoyoteAdapter.service(CoyoteAdapter.java:445)
	at org.apache.coyote.http11.AbstractHttp11Processor.process(AbstractHttp11Processor.java:1087)
	at org.apache.coyote.AbstractProtocol$AbstractConnectionHandler.process(AbstractProtocol.java:637)
	at org.apache.tomcat.util.net.AprEndpoint$SocketProcessor.doRun(AprEndpoint.java:2536)
	at org.apache.tomcat.util.net.AprEndpoint$SocketProcessor.run(AprEndpoint.java:2525)
	at java.util.concurrent.ThreadPoolExecutor.runWorker(ThreadPoolExecutor.java:1145)
	at java.util.concurrent.ThreadPoolExecutor$Worker.run(ThreadPoolExecutor.java:615)
	at org.apache.tomcat.util.threads.TaskThread$WrappingRunnable.run(TaskThread.java:61)
	at java.lang.Thread.run(Thread.java:745)
 
13:35:49 - com.alibaba.druid.pool.GetConnectionTimeoutException: wait millis 60, active 0, maxActive 50 
13:35:49 - com.alibaba.druid.pool.GetConnectionTimeoutException: wait millis 60, active 0, maxActive 50 
13:35:49 - com.alibaba.druid.pool.GetConnectionTimeoutException: wait millis 60, active 0, maxActive 50, runningSqlCount 1 : select 1 from dual 
13:37:46 - java.sql.SQLSyntaxErrorException: ORA-00904: "LXBH": 标识符无效
 
13:37:46 - java.sql.SQLSyntaxErrorException: ORA-00904: "LXBH": 标识符无效

	at oracle.jdbc.driver.T4CTTIoer.processError(T4CTTIoer.java:450)
	at oracle.jdbc.driver.T4CTTIoer.processError(T4CTTIoer.java:399)
	at oracle.jdbc.driver.T4C8Oall.processError(T4C8Oall.java:1059)
	at oracle.jdbc.driver.T4CTTIfun.receive(T4CTTIfun.java:522)
	at oracle.jdbc.driver.T4CTTIfun.doRPC(T4CTTIfun.java:257)
	at oracle.jdbc.driver.T4C8Oall.doOALL(T4C8Oall.java:587)
	at oracle.jdbc.driver.T4CPreparedStatement.doOall8(T4CPreparedStatement.java:225)
	at oracle.jdbc.driver.T4CPreparedStatement.doOall8(T4CPreparedStatement.java:53)
	at oracle.jdbc.driver.T4CPreparedStatement.executeForDescribe(T4CPreparedStatement.java:774)
	at oracle.jdbc.driver.OracleStatement.executeMaybeDescribe(OracleStatement.java:925)
	at oracle.jdbc.driver.OracleStatement.doExecuteWithTimeout(OracleStatement.java:1111)
	at oracle.jdbc.driver.OraclePreparedStatement.executeInternal(OraclePreparedStatement.java:4798)
	at oracle.jdbc.driver.OraclePreparedStatement.executeQuery(OraclePreparedStatement.java:4845)
	at oracle.jdbc.driver.OraclePreparedStatementWrapper.executeQuery(OraclePreparedStatementWrapper.java:1501)
	at com.alibaba.druid.filter.FilterChainImpl.preparedStatement_executeQuery(FilterChainImpl.java:2714)
	at com.alibaba.druid.filter.FilterEventAdapter.preparedStatement_executeQuery(FilterEventAdapter.java:465)
	at com.alibaba.druid.filter.FilterChainImpl.preparedStatement_executeQuery(FilterChainImpl.java:2711)
	at com.alibaba.druid.proxy.jdbc.PreparedStatementProxyImpl.executeQuery(PreparedStatementProxyImpl.java:145)
	at com.alibaba.druid.pool.DruidPooledPreparedStatement.executeQuery(DruidPooledPreparedStatement.java:227)
	at com.estudio.gis.oracle.WebGISQueryService4Oracle.getTrafficFlowTableName(WebGISQueryService4Oracle.java:510)
	at com.estudio.blazeds.services.WebGISService.getTrafficTableName(WebGISService.java:12)
	at sun.reflect.NativeMethodAccessorImpl.invoke0(Native Method)
	at sun.reflect.NativeMethodAccessorImpl.invoke(NativeMethodAccessorImpl.java:57)
	at sun.reflect.DelegatingMethodAccessorImpl.invoke(DelegatingMethodAccessorImpl.java:43)
	at java.lang.reflect.Method.invoke(Method.java:606)
	at flex.messaging.services.remoting.adapters.JavaAdapter.invoke(JavaAdapter.java:418)
	at flex.messaging.services.RemotingService.serviceMessage(RemotingService.java:183)
	at flex.messaging.MessageBroker.routeMessageToService(MessageBroker.java:1400)
	at flex.messaging.endpoints.AbstractEndpoint.serviceMessage(AbstractEndpoint.java:1005)
	at flex.messaging.endpoints.amf.MessageBrokerFilter.invoke(MessageBrokerFilter.java:103)
	at flex.messaging.endpoints.amf.LegacyFilter.invoke(LegacyFilter.java:158)
	at flex.messaging.endpoints.amf.SessionFilter.invoke(SessionFilter.java:44)
	at flex.messaging.endpoints.amf.BatchProcessFilter.invoke(BatchProcessFilter.java:67)
	at flex.messaging.endpoints.amf.SerializationFilter.invoke(SerializationFilter.java:166)
	at flex.messaging.endpoints.BaseHTTPEndpoint.service(BaseHTTPEndpoint.java:291)
	at flex.messaging.MessageBrokerServlet.service(MessageBrokerServlet.java:353)
	at javax.servlet.http.HttpServlet.service(HttpServlet.java:731)
	at org.apache.catalina.core.ApplicationFilterChain.internalDoFilter(ApplicationFilterChain.java:303)
	at org.apache.catalina.core.ApplicationFilterChain.doFilter(ApplicationFilterChain.java:208)
	at org.apache.tomcat.websocket.server.WsFilter.doFilter(WsFilter.java:52)
	at org.apache.catalina.core.ApplicationFilterChain.internalDoFilter(ApplicationFilterChain.java:241)
	at org.apache.catalina.core.ApplicationFilterChain.doFilter(ApplicationFilterChain.java:208)
	at org.apache.catalina.core.StandardWrapperValve.invoke(StandardWrapperValve.java:218)
	at org.apache.catalina.core.StandardContextValve.invoke(StandardContextValve.java:110)
	at org.apache.catalina.authenticator.AuthenticatorBase.invoke(AuthenticatorBase.java:506)
	at org.apache.catalina.core.StandardHostValve.invoke(StandardHostValve.java:169)
	at org.apache.catalina.valves.ErrorReportValve.invoke(ErrorReportValve.java:103)
	at org.apache.catalina.valves.AccessLogValve.invoke(AccessLogValve.java:962)
	at org.apache.catalina.core.StandardEngineValve.invoke(StandardEngineValve.java:116)
	at org.apache.catalina.connector.CoyoteAdapter.service(CoyoteAdapter.java:445)
	at org.apache.coyote.http11.AbstractHttp11Processor.process(AbstractHttp11Processor.java:1087)
	at org.apache.coyote.AbstractProtocol$AbstractConnectionHandler.process(AbstractProtocol.java:637)
	at org.apache.tomcat.util.net.AprEndpoint$SocketProcessor.doRun(AprEndpoint.java:2536)
	at org.apache.tomcat.util.net.AprEndpoint$SocketProcessor.run(AprEndpoint.java:2525)
	at java.util.concurrent.ThreadPoolExecutor.runWorker(ThreadPoolExecutor.java:1145)
	at java.util.concurrent.ThreadPoolExecutor$Worker.run(ThreadPoolExecutor.java:615)
	at org.apache.tomcat.util.threads.TaskThread$WrappingRunnable.run(TaskThread.java:61)
	at java.lang.Thread.run(Thread.java:745)
 
13:39:08 - com.alibaba.druid.pool.GetConnectionTimeoutException: wait millis 60, active 0, maxActive 50 
13:39:08 - com.alibaba.druid.pool.GetConnectionTimeoutException: wait millis 60, active 0, maxActive 50 
13:45:35 - com.alibaba.druid.pool.GetConnectionTimeoutException: wait millis 60, active 0, maxActive 50 
13:45:35 - com.alibaba.druid.pool.GetConnectionTimeoutException: wait millis 60, active 0, maxActive 50 
13:55:11 - com.alibaba.druid.pool.GetConnectionTimeoutException: wait millis 60, active 0, maxActive 50 
13:55:11 - com.alibaba.druid.pool.GetConnectionTimeoutException: wait millis 60, active 0, maxActive 50 
13:56:18 - com.alibaba.druid.pool.GetConnectionTimeoutException: wait millis 60, active 0, maxActive 50 
13:56:18 - com.alibaba.druid.pool.GetConnectionTimeoutException: wait millis 61, active 0, maxActive 50 
13:57:33 - java.sql.SQLSyntaxErrorException: ORA-00904: "LXBH": 标识符无效
 
13:57:33 - java.sql.SQLSyntaxErrorException: ORA-00904: "LXBH": 标识符无效

	at oracle.jdbc.driver.T4CTTIoer.processError(T4CTTIoer.java:450)
	at oracle.jdbc.driver.T4CTTIoer.processError(T4CTTIoer.java:399)
	at oracle.jdbc.driver.T4C8Oall.processError(T4C8Oall.java:1059)
	at oracle.jdbc.driver.T4CTTIfun.receive(T4CTTIfun.java:522)
	at oracle.jdbc.driver.T4CTTIfun.doRPC(T4CTTIfun.java:257)
	at oracle.jdbc.driver.T4C8Oall.doOALL(T4C8Oall.java:587)
	at oracle.jdbc.driver.T4CPreparedStatement.doOall8(T4CPreparedStatement.java:225)
	at oracle.jdbc.driver.T4CPreparedStatement.doOall8(T4CPreparedStatement.java:53)
	at oracle.jdbc.driver.T4CPreparedStatement.executeForDescribe(T4CPreparedStatement.java:774)
	at oracle.jdbc.driver.OracleStatement.executeMaybeDescribe(OracleStatement.java:925)
	at oracle.jdbc.driver.OracleStatement.doExecuteWithTimeout(OracleStatement.java:1111)
	at oracle.jdbc.driver.OraclePreparedStatement.executeInternal(OraclePreparedStatement.java:4798)
	at oracle.jdbc.driver.OraclePreparedStatement.executeQuery(OraclePreparedStatement.java:4845)
	at oracle.jdbc.driver.OraclePreparedStatementWrapper.executeQuery(OraclePreparedStatementWrapper.java:1501)
	at com.alibaba.druid.filter.FilterChainImpl.preparedStatement_executeQuery(FilterChainImpl.java:2714)
	at com.alibaba.druid.filter.FilterEventAdapter.preparedStatement_executeQuery(FilterEventAdapter.java:465)
	at com.alibaba.druid.filter.FilterChainImpl.preparedStatement_executeQuery(FilterChainImpl.java:2711)
	at com.alibaba.druid.proxy.jdbc.PreparedStatementProxyImpl.executeQuery(PreparedStatementProxyImpl.java:145)
	at com.alibaba.druid.pool.DruidPooledPreparedStatement.executeQuery(DruidPooledPreparedStatement.java:227)
	at com.estudio.gis.oracle.WebGISQueryService4Oracle.getTrafficFlowTableName(WebGISQueryService4Oracle.java:510)
	at com.estudio.blazeds.services.WebGISService.getTrafficTableName(WebGISService.java:12)
	at sun.reflect.NativeMethodAccessorImpl.invoke0(Native Method)
	at sun.reflect.NativeMethodAccessorImpl.invoke(NativeMethodAccessorImpl.java:57)
	at sun.reflect.DelegatingMethodAccessorImpl.invoke(DelegatingMethodAccessorImpl.java:43)
	at java.lang.reflect.Method.invoke(Method.java:606)
	at flex.messaging.services.remoting.adapters.JavaAdapter.invoke(JavaAdapter.java:418)
	at flex.messaging.services.RemotingService.serviceMessage(RemotingService.java:183)
	at flex.messaging.MessageBroker.routeMessageToService(MessageBroker.java:1400)
	at flex.messaging.endpoints.AbstractEndpoint.serviceMessage(AbstractEndpoint.java:1005)
	at flex.messaging.endpoints.amf.MessageBrokerFilter.invoke(MessageBrokerFilter.java:103)
	at flex.messaging.endpoints.amf.LegacyFilter.invoke(LegacyFilter.java:158)
	at flex.messaging.endpoints.amf.SessionFilter.invoke(SessionFilter.java:44)
	at flex.messaging.endpoints.amf.BatchProcessFilter.invoke(BatchProcessFilter.java:67)
	at flex.messaging.endpoints.amf.SerializationFilter.invoke(SerializationFilter.java:166)
	at flex.messaging.endpoints.BaseHTTPEndpoint.service(BaseHTTPEndpoint.java:291)
	at flex.messaging.MessageBrokerServlet.service(MessageBrokerServlet.java:353)
	at javax.servlet.http.HttpServlet.service(HttpServlet.java:731)
	at org.apache.catalina.core.ApplicationFilterChain.internalDoFilter(ApplicationFilterChain.java:303)
	at org.apache.catalina.core.ApplicationFilterChain.doFilter(ApplicationFilterChain.java:208)
	at org.apache.tomcat.websocket.server.WsFilter.doFilter(WsFilter.java:52)
	at org.apache.catalina.core.ApplicationFilterChain.internalDoFilter(ApplicationFilterChain.java:241)
	at org.apache.catalina.core.ApplicationFilterChain.doFilter(ApplicationFilterChain.java:208)
	at org.apache.catalina.core.StandardWrapperValve.invoke(StandardWrapperValve.java:218)
	at org.apache.catalina.core.StandardContextValve.invoke(StandardContextValve.java:110)
	at org.apache.catalina.authenticator.AuthenticatorBase.invoke(AuthenticatorBase.java:506)
	at org.apache.catalina.core.StandardHostValve.invoke(StandardHostValve.java:169)
	at org.apache.catalina.valves.ErrorReportValve.invoke(ErrorReportValve.java:103)
	at org.apache.catalina.valves.AccessLogValve.invoke(AccessLogValve.java:962)
	at org.apache.catalina.core.StandardEngineValve.invoke(StandardEngineValve.java:116)
	at org.apache.catalina.connector.CoyoteAdapter.service(CoyoteAdapter.java:445)
	at org.apache.coyote.http11.AbstractHttp11Processor.process(AbstractHttp11Processor.java:1087)
	at org.apache.coyote.AbstractProtocol$AbstractConnectionHandler.process(AbstractProtocol.java:637)
	at org.apache.tomcat.util.net.AprEndpoint$SocketProcessor.doRun(AprEndpoint.java:2536)
	at org.apache.tomcat.util.net.AprEndpoint$SocketProcessor.run(AprEndpoint.java:2525)
	at java.util.concurrent.ThreadPoolExecutor.runWorker(ThreadPoolExecutor.java:1145)
	at java.util.concurrent.ThreadPoolExecutor$Worker.run(ThreadPoolExecutor.java:615)
	at org.apache.tomcat.util.threads.TaskThread$WrappingRunnable.run(TaskThread.java:61)
	at java.lang.Thread.run(Thread.java:745)
 
13:59:56 - com.alibaba.druid.pool.GetConnectionTimeoutException: wait millis 60, active 0, maxActive 50 
13:59:56 - com.alibaba.druid.pool.GetConnectionTimeoutException: wait millis 60, active 0, maxActive 50 
14:06:00 - com.alibaba.druid.pool.GetConnectionTimeoutException: wait millis 60, active 0, maxActive 50 
14:06:00 - com.alibaba.druid.pool.GetConnectionTimeoutException: wait millis 60, active 0, maxActive 50 
14:07:00 - com.alibaba.druid.pool.GetConnectionTimeoutException: wait millis 60, active 0, maxActive 50 
14:07:00 - com.alibaba.druid.pool.GetConnectionTimeoutException: wait millis 60, active 0, maxActive 50 
14:07:00 - com.alibaba.druid.pool.GetConnectionTimeoutException: wait millis 60, active 0, maxActive 50, runningSqlCount 1 : select 1 from dual 
14:10:07 - com.alibaba.druid.pool.GetConnectionTimeoutException: wait millis 60, active 0, maxActive 50 
14:10:07 - com.alibaba.druid.pool.GetConnectionTimeoutException: wait millis 60, active 0, maxActive 50 
14:19:14 - com.alibaba.druid.pool.GetConnectionTimeoutException: wait millis 60, active 0, maxActive 50 
14:19:14 - com.alibaba.druid.pool.GetConnectionTimeoutException: wait millis 60, active 0, maxActive 50 
14:19:14 - com.alibaba.druid.pool.GetConnectionTimeoutException: wait millis 61, active 0, maxActive 50, runningSqlCount 1 : select 1 from dual 
14:22:16 - com.alibaba.druid.pool.GetConnectionTimeoutException: wait millis 60, active 0, maxActive 50 
14:22:16 - com.alibaba.druid.pool.GetConnectionTimeoutException: wait millis 60, active 0, maxActive 50 
14:40:47 - com.alibaba.druid.pool.GetConnectionTimeoutException: wait millis 60, active 0, maxActive 50 
14:40:47 - com.alibaba.druid.pool.GetConnectionTimeoutException: wait millis 60, active 0, maxActive 50 
14:42:48 - java.sql.SQLException: 对只转发结果集的无效操作: last 
14:42:48 - java.sql.SQLException: 对只转发结果集的无效操作: last
	at oracle.jdbc.driver.InsensitiveScrollableResultSet.last(InsensitiveScrollableResultSet.java:646)
	at com.alibaba.druid.filter.FilterChainImpl.resultSet_last(FilterChainImpl.java:1115)
	at com.alibaba.druid.filter.FilterAdapter.resultSet_last(FilterAdapter.java:1870)
	at com.alibaba.druid.filter.FilterChainImpl.resultSet_last(FilterChainImpl.java:1113)
	at com.alibaba.druid.proxy.jdbc.ResultSetProxyImpl.last(ResultSetProxyImpl.java:860)
	at com.alibaba.druid.pool.DruidPooledResultSet.last(DruidPooledResultSet.java:565)
	at com.estudio.gis.oracle.WebGISQueryService4Oracle.getTrafficFlowData(WebGISQueryService4Oracle.java:548)
	at com.estudio.gis.oracle.WebGISQueryService4Oracle.getTrafficFlowDatas(WebGISQueryService4Oracle.java:679)
	at com.estudio.blazeds.services.WebGISService.getTrafficDataRecords(WebGISService.java:34)
	at sun.reflect.NativeMethodAccessorImpl.invoke0(Native Method)
	at sun.reflect.NativeMethodAccessorImpl.invoke(NativeMethodAccessorImpl.java:57)
	at sun.reflect.DelegatingMethodAccessorImpl.invoke(DelegatingMethodAccessorImpl.java:43)
	at java.lang.reflect.Method.invoke(Method.java:606)
	at flex.messaging.services.remoting.adapters.JavaAdapter.invoke(JavaAdapter.java:418)
	at flex.messaging.services.RemotingService.serviceMessage(RemotingService.java:183)
	at flex.messaging.MessageBroker.routeMessageToService(MessageBroker.java:1400)
	at flex.messaging.endpoints.AbstractEndpoint.serviceMessage(AbstractEndpoint.java:1005)
	at flex.messaging.endpoints.amf.MessageBrokerFilter.invoke(MessageBrokerFilter.java:103)
	at flex.messaging.endpoints.amf.LegacyFilter.invoke(LegacyFilter.java:158)
	at flex.messaging.endpoints.amf.SessionFilter.invoke(SessionFilter.java:44)
	at flex.messaging.endpoints.amf.BatchProcessFilter.invoke(BatchProcessFilter.java:67)
	at flex.messaging.endpoints.amf.SerializationFilter.invoke(SerializationFilter.java:166)
	at flex.messaging.endpoints.BaseHTTPEndpoint.service(BaseHTTPEndpoint.java:291)
	at flex.messaging.MessageBrokerServlet.service(MessageBrokerServlet.java:353)
	at javax.servlet.http.HttpServlet.service(HttpServlet.java:731)
	at org.apache.catalina.core.ApplicationFilterChain.internalDoFilter(ApplicationFilterChain.java:303)
	at org.apache.catalina.core.ApplicationFilterChain.doFilter(ApplicationFilterChain.java:208)
	at org.apache.tomcat.websocket.server.WsFilter.doFilter(WsFilter.java:52)
	at org.apache.catalina.core.ApplicationFilterChain.internalDoFilter(ApplicationFilterChain.java:241)
	at org.apache.catalina.core.ApplicationFilterChain.doFilter(ApplicationFilterChain.java:208)
	at org.apache.catalina.core.StandardWrapperValve.invoke(StandardWrapperValve.java:218)
	at org.apache.catalina.core.StandardContextValve.invoke(StandardContextValve.java:110)
	at org.apache.catalina.authenticator.AuthenticatorBase.invoke(AuthenticatorBase.java:506)
	at org.apache.catalina.core.StandardHostValve.invoke(StandardHostValve.java:169)
	at org.apache.catalina.valves.ErrorReportValve.invoke(ErrorReportValve.java:103)
	at org.apache.catalina.valves.AccessLogValve.invoke(AccessLogValve.java:962)
	at org.apache.catalina.core.StandardEngineValve.invoke(StandardEngineValve.java:116)
	at org.apache.catalina.connector.CoyoteAdapter.service(CoyoteAdapter.java:445)
	at org.apache.coyote.http11.AbstractHttp11Processor.process(AbstractHttp11Processor.java:1087)
	at org.apache.coyote.AbstractProtocol$AbstractConnectionHandler.process(AbstractProtocol.java:637)
	at org.apache.tomcat.util.net.AprEndpoint$SocketProcessor.doRun(AprEndpoint.java:2536)
	at org.apache.tomcat.util.net.AprEndpoint$SocketProcessor.run(AprEndpoint.java:2525)
	at java.util.concurrent.ThreadPoolExecutor.runWorker(ThreadPoolExecutor.java:1145)
	at java.util.concurrent.ThreadPoolExecutor$Worker.run(ThreadPoolExecutor.java:615)
	at org.apache.tomcat.util.threads.TaskThread$WrappingRunnable.run(TaskThread.java:61)
	at java.lang.Thread.run(Thread.java:745)
 
14:44:30 - com.alibaba.druid.pool.GetConnectionTimeoutException: wait millis 60, active 0, maxActive 50 
14:44:30 - com.alibaba.druid.pool.GetConnectionTimeoutException: wait millis 60, active 0, maxActive 50 
14:45:46 - java.sql.SQLException: 对只转发结果集的无效操作: last 
14:45:46 - java.sql.SQLException: 对只转发结果集的无效操作: last
	at oracle.jdbc.driver.InsensitiveScrollableResultSet.last(InsensitiveScrollableResultSet.java:646)
	at com.alibaba.druid.filter.FilterChainImpl.resultSet_last(FilterChainImpl.java:1115)
	at com.alibaba.druid.filter.FilterAdapter.resultSet_last(FilterAdapter.java:1870)
	at com.alibaba.druid.filter.FilterChainImpl.resultSet_last(FilterChainImpl.java:1113)
	at com.alibaba.druid.proxy.jdbc.ResultSetProxyImpl.last(ResultSetProxyImpl.java:860)
	at com.alibaba.druid.pool.DruidPooledResultSet.last(DruidPooledResultSet.java:565)
	at com.estudio.gis.oracle.WebGISQueryService4Oracle.getTrafficFlowData(WebGISQueryService4Oracle.java:548)
	at com.estudio.gis.oracle.WebGISQueryService4Oracle.getTrafficFlowDatas(WebGISQueryService4Oracle.java:679)
	at com.estudio.blazeds.services.WebGISService.getTrafficDataRecords(WebGISService.java:34)
	at sun.reflect.NativeMethodAccessorImpl.invoke0(Native Method)
	at sun.reflect.NativeMethodAccessorImpl.invoke(NativeMethodAccessorImpl.java:57)
	at sun.reflect.DelegatingMethodAccessorImpl.invoke(DelegatingMethodAccessorImpl.java:43)
	at java.lang.reflect.Method.invoke(Method.java:606)
	at flex.messaging.services.remoting.adapters.JavaAdapter.invoke(JavaAdapter.java:418)
	at flex.messaging.services.RemotingService.serviceMessage(RemotingService.java:183)
	at flex.messaging.MessageBroker.routeMessageToService(MessageBroker.java:1400)
	at flex.messaging.endpoints.AbstractEndpoint.serviceMessage(AbstractEndpoint.java:1005)
	at flex.messaging.endpoints.amf.MessageBrokerFilter.invoke(MessageBrokerFilter.java:103)
	at flex.messaging.endpoints.amf.LegacyFilter.invoke(LegacyFilter.java:158)
	at flex.messaging.endpoints.amf.SessionFilter.invoke(SessionFilter.java:44)
	at flex.messaging.endpoints.amf.BatchProcessFilter.invoke(BatchProcessFilter.java:67)
	at flex.messaging.endpoints.amf.SerializationFilter.invoke(SerializationFilter.java:166)
	at flex.messaging.endpoints.BaseHTTPEndpoint.service(BaseHTTPEndpoint.java:291)
	at flex.messaging.MessageBrokerServlet.service(MessageBrokerServlet.java:353)
	at javax.servlet.http.HttpServlet.service(HttpServlet.java:731)
	at org.apache.catalina.core.ApplicationFilterChain.internalDoFilter(ApplicationFilterChain.java:303)
	at org.apache.catalina.core.ApplicationFilterChain.doFilter(ApplicationFilterChain.java:208)
	at org.apache.tomcat.websocket.server.WsFilter.doFilter(WsFilter.java:52)
	at org.apache.catalina.core.ApplicationFilterChain.internalDoFilter(ApplicationFilterChain.java:241)
	at org.apache.catalina.core.ApplicationFilterChain.doFilter(ApplicationFilterChain.java:208)
	at org.apache.catalina.core.StandardWrapperValve.invoke(StandardWrapperValve.java:218)
	at org.apache.catalina.core.StandardContextValve.invoke(StandardContextValve.java:110)
	at org.apache.catalina.authenticator.AuthenticatorBase.invoke(AuthenticatorBase.java:506)
	at org.apache.catalina.core.StandardHostValve.invoke(StandardHostValve.java:169)
	at org.apache.catalina.valves.ErrorReportValve.invoke(ErrorReportValve.java:103)
	at org.apache.catalina.valves.AccessLogValve.invoke(AccessLogValve.java:962)
	at org.apache.catalina.core.StandardEngineValve.invoke(StandardEngineValve.java:116)
	at org.apache.catalina.connector.CoyoteAdapter.service(CoyoteAdapter.java:445)
	at org.apache.coyote.http11.AbstractHttp11Processor.process(AbstractHttp11Processor.java:1087)
	at org.apache.coyote.AbstractProtocol$AbstractConnectionHandler.process(AbstractProtocol.java:637)
	at org.apache.tomcat.util.net.AprEndpoint$SocketProcessor.doRun(AprEndpoint.java:2536)
	at org.apache.tomcat.util.net.AprEndpoint$SocketProcessor.run(AprEndpoint.java:2525)
	at java.util.concurrent.ThreadPoolExecutor.runWorker(ThreadPoolExecutor.java:1145)
	at java.util.concurrent.ThreadPoolExecutor$Worker.run(ThreadPoolExecutor.java:615)
	at org.apache.tomcat.util.threads.TaskThread$WrappingRunnable.run(TaskThread.java:61)
	at java.lang.Thread.run(Thread.java:745)
 
14:48:14 - com.alibaba.druid.pool.GetConnectionTimeoutException: wait millis 60, active 0, maxActive 50 
14:48:14 - com.alibaba.druid.pool.GetConnectionTimeoutException: wait millis 60, active 0, maxActive 50 
14:49:25 - java.sql.SQLException: 对只转发结果集的无效操作: last 
14:49:25 - java.sql.SQLException: 对只转发结果集的无效操作: last
	at oracle.jdbc.driver.InsensitiveScrollableResultSet.last(InsensitiveScrollableResultSet.java:646)
	at com.alibaba.druid.filter.FilterChainImpl.resultSet_last(FilterChainImpl.java:1115)
	at com.alibaba.druid.filter.FilterAdapter.resultSet_last(FilterAdapter.java:1870)
	at com.alibaba.druid.filter.FilterChainImpl.resultSet_last(FilterChainImpl.java:1113)
	at com.alibaba.druid.proxy.jdbc.ResultSetProxyImpl.last(ResultSetProxyImpl.java:860)
	at com.alibaba.druid.pool.DruidPooledResultSet.last(DruidPooledResultSet.java:565)
	at com.estudio.gis.oracle.WebGISQueryService4Oracle.getTrafficFlowData(WebGISQueryService4Oracle.java:548)
	at com.estudio.gis.oracle.WebGISQueryService4Oracle.getTrafficFlowDatas(WebGISQueryService4Oracle.java:680)
	at com.estudio.blazeds.services.WebGISService.getTrafficDataRecords(WebGISService.java:34)
	at sun.reflect.NativeMethodAccessorImpl.invoke0(Native Method)
	at sun.reflect.NativeMethodAccessorImpl.invoke(NativeMethodAccessorImpl.java:57)
	at sun.reflect.DelegatingMethodAccessorImpl.invoke(DelegatingMethodAccessorImpl.java:43)
	at java.lang.reflect.Method.invoke(Method.java:606)
	at flex.messaging.services.remoting.adapters.JavaAdapter.invoke(JavaAdapter.java:418)
	at flex.messaging.services.RemotingService.serviceMessage(RemotingService.java:183)
	at flex.messaging.MessageBroker.routeMessageToService(MessageBroker.java:1400)
	at flex.messaging.endpoints.AbstractEndpoint.serviceMessage(AbstractEndpoint.java:1005)
	at flex.messaging.endpoints.amf.MessageBrokerFilter.invoke(MessageBrokerFilter.java:103)
	at flex.messaging.endpoints.amf.LegacyFilter.invoke(LegacyFilter.java:158)
	at flex.messaging.endpoints.amf.SessionFilter.invoke(SessionFilter.java:44)
	at flex.messaging.endpoints.amf.BatchProcessFilter.invoke(BatchProcessFilter.java:67)
	at flex.messaging.endpoints.amf.SerializationFilter.invoke(SerializationFilter.java:166)
	at flex.messaging.endpoints.BaseHTTPEndpoint.service(BaseHTTPEndpoint.java:291)
	at flex.messaging.MessageBrokerServlet.service(MessageBrokerServlet.java:353)
	at javax.servlet.http.HttpServlet.service(HttpServlet.java:731)
	at org.apache.catalina.core.ApplicationFilterChain.internalDoFilter(ApplicationFilterChain.java:303)
	at org.apache.catalina.core.ApplicationFilterChain.doFilter(ApplicationFilterChain.java:208)
	at org.apache.tomcat.websocket.server.WsFilter.doFilter(WsFilter.java:52)
	at org.apache.catalina.core.ApplicationFilterChain.internalDoFilter(ApplicationFilterChain.java:241)
	at org.apache.catalina.core.ApplicationFilterChain.doFilter(ApplicationFilterChain.java:208)
	at org.apache.catalina.core.StandardWrapperValve.invoke(StandardWrapperValve.java:218)
	at org.apache.catalina.core.StandardContextValve.invoke(StandardContextValve.java:110)
	at org.apache.catalina.authenticator.AuthenticatorBase.invoke(AuthenticatorBase.java:506)
	at org.apache.catalina.core.StandardHostValve.invoke(StandardHostValve.java:169)
	at org.apache.catalina.valves.ErrorReportValve.invoke(ErrorReportValve.java:103)
	at org.apache.catalina.valves.AccessLogValve.invoke(AccessLogValve.java:962)
	at org.apache.catalina.core.StandardEngineValve.invoke(StandardEngineValve.java:116)
	at org.apache.catalina.connector.CoyoteAdapter.service(CoyoteAdapter.java:445)
	at org.apache.coyote.http11.AbstractHttp11Processor.process(AbstractHttp11Processor.java:1087)
	at org.apache.coyote.AbstractProtocol$AbstractConnectionHandler.process(AbstractProtocol.java:637)
	at org.apache.tomcat.util.net.AprEndpoint$SocketProcessor.doRun(AprEndpoint.java:2536)
	at org.apache.tomcat.util.net.AprEndpoint$SocketProcessor.run(AprEndpoint.java:2525)
	at java.util.concurrent.ThreadPoolExecutor.runWorker(ThreadPoolExecutor.java:1145)
	at java.util.concurrent.ThreadPoolExecutor$Worker.run(ThreadPoolExecutor.java:615)
	at org.apache.tomcat.util.threads.TaskThread$WrappingRunnable.run(TaskThread.java:61)
	at java.lang.Thread.run(Thread.java:745)
 
14:52:35 - com.alibaba.druid.pool.GetConnectionTimeoutException: wait millis 60, active 0, maxActive 50 
14:52:35 - com.alibaba.druid.pool.GetConnectionTimeoutException: wait millis 60, active 0, maxActive 50 
14:53:22 - java.sql.SQLException: statement is closed 
14:53:22 - java.sql.SQLException: statement is closed
	at com.alibaba.druid.pool.DruidPooledStatement.checkOpen(DruidPooledStatement.java:89)
	at com.alibaba.druid.pool.DruidPooledPreparedStatement.executeQuery(DruidPooledPreparedStatement.java:218)
	at com.estudio.gis.oracle.WebGISQueryService4Oracle.getTrafficFlowData(WebGISQueryService4Oracle.java:554)
	at com.estudio.gis.oracle.WebGISQueryService4Oracle.getTrafficFlowDatas(WebGISQueryService4Oracle.java:680)
	at com.estudio.blazeds.services.WebGISService.getTrafficDataRecords(WebGISService.java:34)
	at sun.reflect.NativeMethodAccessorImpl.invoke0(Native Method)
	at sun.reflect.NativeMethodAccessorImpl.invoke(NativeMethodAccessorImpl.java:57)
	at sun.reflect.DelegatingMethodAccessorImpl.invoke(DelegatingMethodAccessorImpl.java:43)
	at java.lang.reflect.Method.invoke(Method.java:606)
	at flex.messaging.services.remoting.adapters.JavaAdapter.invoke(JavaAdapter.java:418)
	at flex.messaging.services.RemotingService.serviceMessage(RemotingService.java:183)
	at flex.messaging.MessageBroker.routeMessageToService(MessageBroker.java:1400)
	at flex.messaging.endpoints.AbstractEndpoint.serviceMessage(AbstractEndpoint.java:1005)
	at flex.messaging.endpoints.amf.MessageBrokerFilter.invoke(MessageBrokerFilter.java:103)
	at flex.messaging.endpoints.amf.LegacyFilter.invoke(LegacyFilter.java:158)
	at flex.messaging.endpoints.amf.SessionFilter.invoke(SessionFilter.java:44)
	at flex.messaging.endpoints.amf.BatchProcessFilter.invoke(BatchProcessFilter.java:67)
	at flex.messaging.endpoints.amf.SerializationFilter.invoke(SerializationFilter.java:166)
	at flex.messaging.endpoints.BaseHTTPEndpoint.service(BaseHTTPEndpoint.java:291)
	at flex.messaging.MessageBrokerServlet.service(MessageBrokerServlet.java:353)
	at javax.servlet.http.HttpServlet.service(HttpServlet.java:731)
	at org.apache.catalina.core.ApplicationFilterChain.internalDoFilter(ApplicationFilterChain.java:303)
	at org.apache.catalina.core.ApplicationFilterChain.doFilter(ApplicationFilterChain.java:208)
	at org.apache.tomcat.websocket.server.WsFilter.doFilter(WsFilter.java:52)
	at org.apache.catalina.core.ApplicationFilterChain.internalDoFilter(ApplicationFilterChain.java:241)
	at org.apache.catalina.core.ApplicationFilterChain.doFilter(ApplicationFilterChain.java:208)
	at org.apache.catalina.core.StandardWrapperValve.invoke(StandardWrapperValve.java:218)
	at org.apache.catalina.core.StandardContextValve.invoke(StandardContextValve.java:110)
	at org.apache.catalina.authenticator.AuthenticatorBase.invoke(AuthenticatorBase.java:506)
	at org.apache.catalina.core.StandardHostValve.invoke(StandardHostValve.java:169)
	at org.apache.catalina.valves.ErrorReportValve.invoke(ErrorReportValve.java:103)
	at org.apache.catalina.valves.AccessLogValve.invoke(AccessLogValve.java:962)
	at org.apache.catalina.core.StandardEngineValve.invoke(StandardEngineValve.java:116)
	at org.apache.catalina.connector.CoyoteAdapter.service(CoyoteAdapter.java:445)
	at org.apache.coyote.http11.AbstractHttp11Processor.process(AbstractHttp11Processor.java:1087)
	at org.apache.coyote.AbstractProtocol$AbstractConnectionHandler.process(AbstractProtocol.java:637)
	at org.apache.tomcat.util.net.AprEndpoint$SocketProcessor.doRun(AprEndpoint.java:2536)
	at org.apache.tomcat.util.net.AprEndpoint$SocketProcessor.run(AprEndpoint.java:2525)
	at java.util.concurrent.ThreadPoolExecutor.runWorker(ThreadPoolExecutor.java:1145)
	at java.util.concurrent.ThreadPoolExecutor$Worker.run(ThreadPoolExecutor.java:615)
	at org.apache.tomcat.util.threads.TaskThread$WrappingRunnable.run(TaskThread.java:61)
	at java.lang.Thread.run(Thread.java:745)
 
14:56:08 - com.alibaba.druid.pool.GetConnectionTimeoutException: wait millis 60, active 0, maxActive 50 
14:56:08 - com.alibaba.druid.pool.GetConnectionTimeoutException: wait millis 60, active 0, maxActive 50 
14:57:32 - java.sql.SQLException: 无效的列索引 
14:57:32 - java.sql.SQLException: 无效的列索引
	at oracle.jdbc.driver.GeneratedScrollableResultSet.getString(GeneratedScrollableResultSet.java:959)
	at com.alibaba.druid.filter.FilterChainImpl.resultSet_getString(FilterChainImpl.java:680)
	at com.alibaba.druid.filter.stat.StatFilter.resultSet_getString(StatFilter.java:920)
	at com.alibaba.druid.filter.FilterChainImpl.resultSet_getString(FilterChainImpl.java:678)
	at com.alibaba.druid.proxy.jdbc.ResultSetProxyImpl.getString(ResultSetProxyImpl.java:685)
	at com.alibaba.druid.pool.DruidPooledResultSet.getString(DruidPooledResultSet.java:111)
	at com.estudio.gis.oracle.WebGISQueryService4Oracle.getTrafficFlowData(WebGISQueryService4Oracle.java:560)
	at com.estudio.gis.oracle.WebGISQueryService4Oracle.getTrafficFlowDatas(WebGISQueryService4Oracle.java:681)
	at com.estudio.blazeds.services.WebGISService.getTrafficDataRecords(WebGISService.java:34)
	at sun.reflect.NativeMethodAccessorImpl.invoke0(Native Method)
	at sun.reflect.NativeMethodAccessorImpl.invoke(NativeMethodAccessorImpl.java:57)
	at sun.reflect.DelegatingMethodAccessorImpl.invoke(DelegatingMethodAccessorImpl.java:43)
	at java.lang.reflect.Method.invoke(Method.java:606)
	at flex.messaging.services.remoting.adapters.JavaAdapter.invoke(JavaAdapter.java:418)
	at flex.messaging.services.RemotingService.serviceMessage(RemotingService.java:183)
	at flex.messaging.MessageBroker.routeMessageToService(MessageBroker.java:1400)
	at flex.messaging.endpoints.AbstractEndpoint.serviceMessage(AbstractEndpoint.java:1005)
	at flex.messaging.endpoints.amf.MessageBrokerFilter.invoke(MessageBrokerFilter.java:103)
	at flex.messaging.endpoints.amf.LegacyFilter.invoke(LegacyFilter.java:158)
	at flex.messaging.endpoints.amf.SessionFilter.invoke(SessionFilter.java:44)
	at flex.messaging.endpoints.amf.BatchProcessFilter.invoke(BatchProcessFilter.java:67)
	at flex.messaging.endpoints.amf.SerializationFilter.invoke(SerializationFilter.java:166)
	at flex.messaging.endpoints.BaseHTTPEndpoint.service(BaseHTTPEndpoint.java:291)
	at flex.messaging.MessageBrokerServlet.service(MessageBrokerServlet.java:353)
	at javax.servlet.http.HttpServlet.service(HttpServlet.java:731)
	at org.apache.catalina.core.ApplicationFilterChain.internalDoFilter(ApplicationFilterChain.java:303)
	at org.apache.catalina.core.ApplicationFilterChain.doFilter(ApplicationFilterChain.java:208)
	at org.apache.tomcat.websocket.server.WsFilter.doFilter(WsFilter.java:52)
	at org.apache.catalina.core.ApplicationFilterChain.internalDoFilter(ApplicationFilterChain.java:241)
	at org.apache.catalina.core.ApplicationFilterChain.doFilter(ApplicationFilterChain.java:208)
	at org.apache.catalina.core.StandardWrapperValve.invoke(StandardWrapperValve.java:218)
	at org.apache.catalina.core.StandardContextValve.invoke(StandardContextValve.java:110)
	at org.apache.catalina.authenticator.AuthenticatorBase.invoke(AuthenticatorBase.java:506)
	at org.apache.catalina.core.StandardHostValve.invoke(StandardHostValve.java:169)
	at org.apache.catalina.valves.ErrorReportValve.invoke(ErrorReportValve.java:103)
	at org.apache.catalina.valves.AccessLogValve.invoke(AccessLogValve.java:962)
	at org.apache.catalina.core.StandardEngineValve.invoke(StandardEngineValve.java:116)
	at org.apache.catalina.connector.CoyoteAdapter.service(CoyoteAdapter.java:445)
	at org.apache.coyote.http11.AbstractHttp11Processor.process(AbstractHttp11Processor.java:1087)
	at org.apache.coyote.AbstractProtocol$AbstractConnectionHandler.process(AbstractProtocol.java:637)
	at org.apache.tomcat.util.net.AprEndpoint$SocketProcessor.doRun(AprEndpoint.java:2536)
	at org.apache.tomcat.util.net.AprEndpoint$SocketProcessor.run(AprEndpoint.java:2525)
	at java.util.concurrent.ThreadPoolExecutor.runWorker(ThreadPoolExecutor.java:1145)
	at java.util.concurrent.ThreadPoolExecutor$Worker.run(ThreadPoolExecutor.java:615)
	at org.apache.tomcat.util.threads.TaskThread$WrappingRunnable.run(TaskThread.java:61)
	at java.lang.Thread.run(Thread.java:745)
 
15:01:20 - com.alibaba.druid.pool.GetConnectionTimeoutException: wait millis 60, active 0, maxActive 50 
15:01:20 - com.alibaba.druid.pool.GetConnectionTimeoutException: wait millis 60, active 0, maxActive 50 
15:02:19 - java.sql.SQLSyntaxErrorException: ORA-01722: 无效数字
 
15:02:19 - java.sql.SQLSyntaxErrorException: ORA-01722: 无效数字

	at oracle.jdbc.driver.T4CTTIoer.processError(T4CTTIoer.java:450)
	at oracle.jdbc.driver.T4CTTIoer.processError(T4CTTIoer.java:399)
	at oracle.jdbc.driver.T4C8Oall.processError(T4C8Oall.java:1059)
	at oracle.jdbc.driver.T4CTTIfun.receive(T4CTTIfun.java:522)
	at oracle.jdbc.driver.T4CTTIfun.doRPC(T4CTTIfun.java:257)
	at oracle.jdbc.driver.T4C8Oall.doOALL(T4C8Oall.java:587)
	at oracle.jdbc.driver.T4CPreparedStatement.doOall8(T4CPreparedStatement.java:225)
	at oracle.jdbc.driver.T4CPreparedStatement.doOall8(T4CPreparedStatement.java:53)
	at oracle.jdbc.driver.T4CPreparedStatement.executeForDescribe(T4CPreparedStatement.java:774)
	at oracle.jdbc.driver.OracleStatement.executeMaybeDescribe(OracleStatement.java:925)
	at oracle.jdbc.driver.OracleStatement.doExecuteWithTimeout(OracleStatement.java:1111)
	at oracle.jdbc.driver.OraclePreparedStatement.executeInternal(OraclePreparedStatement.java:4798)
	at oracle.jdbc.driver.OraclePreparedStatement.executeQuery(OraclePreparedStatement.java:4845)
	at oracle.jdbc.driver.OraclePreparedStatementWrapper.executeQuery(OraclePreparedStatementWrapper.java:1501)
	at com.alibaba.druid.filter.FilterChainImpl.preparedStatement_executeQuery(FilterChainImpl.java:2714)
	at com.alibaba.druid.filter.FilterEventAdapter.preparedStatement_executeQuery(FilterEventAdapter.java:465)
	at com.alibaba.druid.filter.FilterChainImpl.preparedStatement_executeQuery(FilterChainImpl.java:2711)
	at com.alibaba.druid.proxy.jdbc.PreparedStatementProxyImpl.executeQuery(PreparedStatementProxyImpl.java:145)
	at com.alibaba.druid.pool.DruidPooledPreparedStatement.executeQuery(DruidPooledPreparedStatement.java:227)
	at com.estudio.gis.oracle.WebGISQueryService4Oracle.getTrafficFlowData(WebGISQueryService4Oracle.java:575)
	at com.estudio.gis.oracle.WebGISQueryService4Oracle.getTrafficFlowDatas(WebGISQueryService4Oracle.java:679)
	at com.estudio.blazeds.services.WebGISService.getTrafficDataRecords(WebGISService.java:34)
	at sun.reflect.NativeMethodAccessorImpl.invoke0(Native Method)
	at sun.reflect.NativeMethodAccessorImpl.invoke(NativeMethodAccessorImpl.java:57)
	at sun.reflect.DelegatingMethodAccessorImpl.invoke(DelegatingMethodAccessorImpl.java:43)
	at java.lang.reflect.Method.invoke(Method.java:606)
	at flex.messaging.services.remoting.adapters.JavaAdapter.invoke(JavaAdapter.java:418)
	at flex.messaging.services.RemotingService.serviceMessage(RemotingService.java:183)
	at flex.messaging.MessageBroker.routeMessageToService(MessageBroker.java:1400)
	at flex.messaging.endpoints.AbstractEndpoint.serviceMessage(AbstractEndpoint.java:1005)
	at flex.messaging.endpoints.amf.MessageBrokerFilter.invoke(MessageBrokerFilter.java:103)
	at flex.messaging.endpoints.amf.LegacyFilter.invoke(LegacyFilter.java:158)
	at flex.messaging.endpoints.amf.SessionFilter.invoke(SessionFilter.java:44)
	at flex.messaging.endpoints.amf.BatchProcessFilter.invoke(BatchProcessFilter.java:67)
	at flex.messaging.endpoints.amf.SerializationFilter.invoke(SerializationFilter.java:166)
	at flex.messaging.endpoints.BaseHTTPEndpoint.service(BaseHTTPEndpoint.java:291)
	at flex.messaging.MessageBrokerServlet.service(MessageBrokerServlet.java:353)
	at javax.servlet.http.HttpServlet.service(HttpServlet.java:731)
	at org.apache.catalina.core.ApplicationFilterChain.internalDoFilter(ApplicationFilterChain.java:303)
	at org.apache.catalina.core.ApplicationFilterChain.doFilter(ApplicationFilterChain.java:208)
	at org.apache.tomcat.websocket.server.WsFilter.doFilter(WsFilter.java:52)
	at org.apache.catalina.core.ApplicationFilterChain.internalDoFilter(ApplicationFilterChain.java:241)
	at org.apache.catalina.core.ApplicationFilterChain.doFilter(ApplicationFilterChain.java:208)
	at org.apache.catalina.core.StandardWrapperValve.invoke(StandardWrapperValve.java:218)
	at org.apache.catalina.core.StandardContextValve.invoke(StandardContextValve.java:110)
	at org.apache.catalina.authenticator.AuthenticatorBase.invoke(AuthenticatorBase.java:506)
	at org.apache.catalina.core.StandardHostValve.invoke(StandardHostValve.java:169)
	at org.apache.catalina.valves.ErrorReportValve.invoke(ErrorReportValve.java:103)
	at org.apache.catalina.valves.AccessLogValve.invoke(AccessLogValve.java:962)
	at org.apache.catalina.core.StandardEngineValve.invoke(StandardEngineValve.java:116)
	at org.apache.catalina.connector.CoyoteAdapter.service(CoyoteAdapter.java:445)
	at org.apache.coyote.http11.AbstractHttp11Processor.process(AbstractHttp11Processor.java:1087)
	at org.apache.coyote.AbstractProtocol$AbstractConnectionHandler.process(AbstractProtocol.java:637)
	at org.apache.tomcat.util.net.AprEndpoint$SocketProcessor.doRun(AprEndpoint.java:2536)
	at org.apache.tomcat.util.net.AprEndpoint$SocketProcessor.run(AprEndpoint.java:2525)
	at java.util.concurrent.ThreadPoolExecutor.runWorker(ThreadPoolExecutor.java:1145)
	at java.util.concurrent.ThreadPoolExecutor$Worker.run(ThreadPoolExecutor.java:615)
	at org.apache.tomcat.util.threads.TaskThread$WrappingRunnable.run(TaskThread.java:61)
	at java.lang.Thread.run(Thread.java:745)
 
15:04:27 - com.alibaba.druid.pool.GetConnectionTimeoutException: wait millis 60, active 0, maxActive 50 
15:04:27 - com.alibaba.druid.pool.GetConnectionTimeoutException: wait millis 60, active 0, maxActive 50 
15:05:14 - java.sql.SQLSyntaxErrorException: ORA-01722: 无效数字
 
15:05:14 - java.sql.SQLSyntaxErrorException: ORA-01722: 无效数字

	at oracle.jdbc.driver.T4CTTIoer.processError(T4CTTIoer.java:450)
	at oracle.jdbc.driver.T4CTTIoer.processError(T4CTTIoer.java:399)
	at oracle.jdbc.driver.T4C8Oall.processError(T4C8Oall.java:1059)
	at oracle.jdbc.driver.T4CTTIfun.receive(T4CTTIfun.java:522)
	at oracle.jdbc.driver.T4CTTIfun.doRPC(T4CTTIfun.java:257)
	at oracle.jdbc.driver.T4C8Oall.doOALL(T4C8Oall.java:587)
	at oracle.jdbc.driver.T4CPreparedStatement.doOall8(T4CPreparedStatement.java:225)
	at oracle.jdbc.driver.T4CPreparedStatement.doOall8(T4CPreparedStatement.java:53)
	at oracle.jdbc.driver.T4CPreparedStatement.executeForDescribe(T4CPreparedStatement.java:774)
	at oracle.jdbc.driver.OracleStatement.executeMaybeDescribe(OracleStatement.java:925)
	at oracle.jdbc.driver.OracleStatement.doExecuteWithTimeout(OracleStatement.java:1111)
	at oracle.jdbc.driver.OraclePreparedStatement.executeInternal(OraclePreparedStatement.java:4798)
	at oracle.jdbc.driver.OraclePreparedStatement.executeQuery(OraclePreparedStatement.java:4845)
	at oracle.jdbc.driver.OraclePreparedStatementWrapper.executeQuery(OraclePreparedStatementWrapper.java:1501)
	at com.alibaba.druid.filter.FilterChainImpl.preparedStatement_executeQuery(FilterChainImpl.java:2714)
	at com.alibaba.druid.filter.FilterEventAdapter.preparedStatement_executeQuery(FilterEventAdapter.java:465)
	at com.alibaba.druid.filter.FilterChainImpl.preparedStatement_executeQuery(FilterChainImpl.java:2711)
	at com.alibaba.druid.proxy.jdbc.PreparedStatementProxyImpl.executeQuery(PreparedStatementProxyImpl.java:145)
	at com.alibaba.druid.pool.DruidPooledPreparedStatement.executeQuery(DruidPooledPreparedStatement.java:227)
	at com.estudio.gis.oracle.WebGISQueryService4Oracle.getTrafficFlowData(WebGISQueryService4Oracle.java:576)
	at com.estudio.gis.oracle.WebGISQueryService4Oracle.getTrafficFlowDatas(WebGISQueryService4Oracle.java:680)
	at com.estudio.blazeds.services.WebGISService.getTrafficDataRecords(WebGISService.java:34)
	at sun.reflect.NativeMethodAccessorImpl.invoke0(Native Method)
	at sun.reflect.NativeMethodAccessorImpl.invoke(NativeMethodAccessorImpl.java:57)
	at sun.reflect.DelegatingMethodAccessorImpl.invoke(DelegatingMethodAccessorImpl.java:43)
	at java.lang.reflect.Method.invoke(Method.java:606)
	at flex.messaging.services.remoting.adapters.JavaAdapter.invoke(JavaAdapter.java:418)
	at flex.messaging.services.RemotingService.serviceMessage(RemotingService.java:183)
	at flex.messaging.MessageBroker.routeMessageToService(MessageBroker.java:1400)
	at flex.messaging.endpoints.AbstractEndpoint.serviceMessage(AbstractEndpoint.java:1005)
	at flex.messaging.endpoints.amf.MessageBrokerFilter.invoke(MessageBrokerFilter.java:103)
	at flex.messaging.endpoints.amf.LegacyFilter.invoke(LegacyFilter.java:158)
	at flex.messaging.endpoints.amf.SessionFilter.invoke(SessionFilter.java:44)
	at flex.messaging.endpoints.amf.BatchProcessFilter.invoke(BatchProcessFilter.java:67)
	at flex.messaging.endpoints.amf.SerializationFilter.invoke(SerializationFilter.java:166)
	at flex.messaging.endpoints.BaseHTTPEndpoint.service(BaseHTTPEndpoint.java:291)
	at flex.messaging.MessageBrokerServlet.service(MessageBrokerServlet.java:353)
	at javax.servlet.http.HttpServlet.service(HttpServlet.java:731)
	at org.apache.catalina.core.ApplicationFilterChain.internalDoFilter(ApplicationFilterChain.java:303)
	at org.apache.catalina.core.ApplicationFilterChain.doFilter(ApplicationFilterChain.java:208)
	at org.apache.tomcat.websocket.server.WsFilter.doFilter(WsFilter.java:52)
	at org.apache.catalina.core.ApplicationFilterChain.internalDoFilter(ApplicationFilterChain.java:241)
	at org.apache.catalina.core.ApplicationFilterChain.doFilter(ApplicationFilterChain.java:208)
	at org.apache.catalina.core.StandardWrapperValve.invoke(StandardWrapperValve.java:218)
	at org.apache.catalina.core.StandardContextValve.invoke(StandardContextValve.java:110)
	at org.apache.catalina.authenticator.AuthenticatorBase.invoke(AuthenticatorBase.java:506)
	at org.apache.catalina.core.StandardHostValve.invoke(StandardHostValve.java:169)
	at org.apache.catalina.valves.ErrorReportValve.invoke(ErrorReportValve.java:103)
	at org.apache.catalina.valves.AccessLogValve.invoke(AccessLogValve.java:962)
	at org.apache.catalina.core.StandardEngineValve.invoke(StandardEngineValve.java:116)
	at org.apache.catalina.connector.CoyoteAdapter.service(CoyoteAdapter.java:445)
	at org.apache.coyote.http11.AbstractHttp11Processor.process(AbstractHttp11Processor.java:1087)
	at org.apache.coyote.AbstractProtocol$AbstractConnectionHandler.process(AbstractProtocol.java:637)
	at org.apache.tomcat.util.net.AprEndpoint$SocketProcessor.doRun(AprEndpoint.java:2536)
	at org.apache.tomcat.util.net.AprEndpoint$SocketProcessor.run(AprEndpoint.java:2525)
	at java.util.concurrent.ThreadPoolExecutor.runWorker(ThreadPoolExecutor.java:1145)
	at java.util.concurrent.ThreadPoolExecutor$Worker.run(ThreadPoolExecutor.java:615)
	at org.apache.tomcat.util.threads.TaskThread$WrappingRunnable.run(TaskThread.java:61)
	at java.lang.Thread.run(Thread.java:745)
 
15:07:42 - com.alibaba.druid.pool.GetConnectionTimeoutException: wait millis 60, active 0, maxActive 50 
15:07:42 - com.alibaba.druid.pool.GetConnectionTimeoutException: wait millis 61, active 0, maxActive 50 
15:08:26 - java.sql.SQLSyntaxErrorException: ORA-00920: 无效的关系运算符
 
15:08:26 - java.sql.SQLSyntaxErrorException: ORA-00920: 无效的关系运算符

	at oracle.jdbc.driver.T4CTTIoer.processError(T4CTTIoer.java:450)
	at oracle.jdbc.driver.T4CTTIoer.processError(T4CTTIoer.java:399)
	at oracle.jdbc.driver.T4C8Oall.processError(T4C8Oall.java:1059)
	at oracle.jdbc.driver.T4CTTIfun.receive(T4CTTIfun.java:522)
	at oracle.jdbc.driver.T4CTTIfun.doRPC(T4CTTIfun.java:257)
	at oracle.jdbc.driver.T4C8Oall.doOALL(T4C8Oall.java:587)
	at oracle.jdbc.driver.T4CPreparedStatement.doOall8(T4CPreparedStatement.java:225)
	at oracle.jdbc.driver.T4CPreparedStatement.doOall8(T4CPreparedStatement.java:53)
	at oracle.jdbc.driver.T4CPreparedStatement.executeForDescribe(T4CPreparedStatement.java:774)
	at oracle.jdbc.driver.OracleStatement.executeMaybeDescribe(OracleStatement.java:925)
	at oracle.jdbc.driver.OracleStatement.doExecuteWithTimeout(OracleStatement.java:1111)
	at oracle.jdbc.driver.OraclePreparedStatement.executeInternal(OraclePreparedStatement.java:4798)
	at oracle.jdbc.driver.OraclePreparedStatement.executeQuery(OraclePreparedStatement.java:4845)
	at oracle.jdbc.driver.OraclePreparedStatementWrapper.executeQuery(OraclePreparedStatementWrapper.java:1501)
	at com.alibaba.druid.filter.FilterChainImpl.preparedStatement_executeQuery(FilterChainImpl.java:2714)
	at com.alibaba.druid.filter.FilterEventAdapter.preparedStatement_executeQuery(FilterEventAdapter.java:465)
	at com.alibaba.druid.filter.FilterChainImpl.preparedStatement_executeQuery(FilterChainImpl.java:2711)
	at com.alibaba.druid.proxy.jdbc.PreparedStatementProxyImpl.executeQuery(PreparedStatementProxyImpl.java:145)
	at com.alibaba.druid.pool.DruidPooledPreparedStatement.executeQuery(DruidPooledPreparedStatement.java:227)
	at com.estudio.gis.oracle.WebGISQueryService4Oracle.getTrafficFlowData(WebGISQueryService4Oracle.java:587)
	at com.estudio.gis.oracle.WebGISQueryService4Oracle.getTrafficFlowDatas(WebGISQueryService4Oracle.java:680)
	at com.estudio.blazeds.services.WebGISService.getTrafficDataRecords(WebGISService.java:34)
	at sun.reflect.NativeMethodAccessorImpl.invoke0(Native Method)
	at sun.reflect.NativeMethodAccessorImpl.invoke(NativeMethodAccessorImpl.java:57)
	at sun.reflect.DelegatingMethodAccessorImpl.invoke(DelegatingMethodAccessorImpl.java:43)
	at java.lang.reflect.Method.invoke(Method.java:606)
	at flex.messaging.services.remoting.adapters.JavaAdapter.invoke(JavaAdapter.java:418)
	at flex.messaging.services.RemotingService.serviceMessage(RemotingService.java:183)
	at flex.messaging.MessageBroker.routeMessageToService(MessageBroker.java:1400)
	at flex.messaging.endpoints.AbstractEndpoint.serviceMessage(AbstractEndpoint.java:1005)
	at flex.messaging.endpoints.amf.MessageBrokerFilter.invoke(MessageBrokerFilter.java:103)
	at flex.messaging.endpoints.amf.LegacyFilter.invoke(LegacyFilter.java:158)
	at flex.messaging.endpoints.amf.SessionFilter.invoke(SessionFilter.java:44)
	at flex.messaging.endpoints.amf.BatchProcessFilter.invoke(BatchProcessFilter.java:67)
	at flex.messaging.endpoints.amf.SerializationFilter.invoke(SerializationFilter.java:166)
	at flex.messaging.endpoints.BaseHTTPEndpoint.service(BaseHTTPEndpoint.java:291)
	at flex.messaging.MessageBrokerServlet.service(MessageBrokerServlet.java:353)
	at javax.servlet.http.HttpServlet.service(HttpServlet.java:731)
	at org.apache.catalina.core.ApplicationFilterChain.internalDoFilter(ApplicationFilterChain.java:303)
	at org.apache.catalina.core.ApplicationFilterChain.doFilter(ApplicationFilterChain.java:208)
	at org.apache.tomcat.websocket.server.WsFilter.doFilter(WsFilter.java:52)
	at org.apache.catalina.core.ApplicationFilterChain.internalDoFilter(ApplicationFilterChain.java:241)
	at org.apache.catalina.core.ApplicationFilterChain.doFilter(ApplicationFilterChain.java:208)
	at org.apache.catalina.core.StandardWrapperValve.invoke(StandardWrapperValve.java:218)
	at org.apache.catalina.core.StandardContextValve.invoke(StandardContextValve.java:110)
	at org.apache.catalina.authenticator.AuthenticatorBase.invoke(AuthenticatorBase.java:506)
	at org.apache.catalina.core.StandardHostValve.invoke(StandardHostValve.java:169)
	at org.apache.catalina.valves.ErrorReportValve.invoke(ErrorReportValve.java:103)
	at org.apache.catalina.valves.AccessLogValve.invoke(AccessLogValve.java:962)
	at org.apache.catalina.core.StandardEngineValve.invoke(StandardEngineValve.java:116)
	at org.apache.catalina.connector.CoyoteAdapter.service(CoyoteAdapter.java:445)
	at org.apache.coyote.http11.AbstractHttp11Processor.process(AbstractHttp11Processor.java:1087)
	at org.apache.coyote.AbstractProtocol$AbstractConnectionHandler.process(AbstractProtocol.java:637)
	at org.apache.tomcat.util.net.AprEndpoint$SocketProcessor.doRun(AprEndpoint.java:2536)
	at org.apache.tomcat.util.net.AprEndpoint$SocketProcessor.run(AprEndpoint.java:2525)
	at java.util.concurrent.ThreadPoolExecutor.runWorker(ThreadPoolExecutor.java:1145)
	at java.util.concurrent.ThreadPoolExecutor$Worker.run(ThreadPoolExecutor.java:615)
	at org.apache.tomcat.util.threads.TaskThread$WrappingRunnable.run(TaskThread.java:61)
	at java.lang.Thread.run(Thread.java:745)
 
15:09:37 - com.alibaba.druid.pool.GetConnectionTimeoutException: wait millis 60, active 0, maxActive 50 
15:09:37 - com.alibaba.druid.pool.GetConnectionTimeoutException: wait millis 60, active 0, maxActive 50 
16:55:30 - com.alibaba.druid.pool.GetConnectionTimeoutException: wait millis 60, active 0, maxActive 50 
16:55:30 - com.alibaba.druid.pool.GetConnectionTimeoutException: wait millis 60, active 0, maxActive 50 
17:00:22 - com.alibaba.druid.pool.GetConnectionTimeoutException: wait millis 60, active 0, maxActive 50 
17:00:22 - com.alibaba.druid.pool.GetConnectionTimeoutException: wait millis 60, active 0, maxActive 50 
17:04:58 - com.alibaba.druid.pool.GetConnectionTimeoutException: wait millis 81, active 0, maxActive 50 
17:04:58 - com.alibaba.druid.pool.GetConnectionTimeoutException: wait millis 114, active 0, maxActive 50 
