11:17:17 - com.alibaba.druid.pool.GetConnectionTimeoutException: wait millis 60, active 0, maxActive 50 
11:17:17 - com.alibaba.druid.pool.GetConnectionTimeoutException: wait millis 60, active 0, maxActive 50 
11:17:17 - com.alibaba.druid.pool.GetConnectionTimeoutException: wait millis 60, active 0, maxActive 50, runningSqlCount 1 : select 1 from dual 
11:48:44 - com.alibaba.druid.pool.GetConnectionTimeoutException: wait millis 60, active 0, maxActive 50 
11:48:44 - com.alibaba.druid.pool.GetConnectionTimeoutException: wait millis 61, active 0, maxActive 50 
11:48:44 - com.alibaba.druid.pool.GetConnectionTimeoutException: wait millis 60, active 0, maxActive 50 
13:24:48 - com.alibaba.druid.pool.GetConnectionTimeoutException: wait millis 61, active 0, maxActive 50 
13:24:48 - com.alibaba.druid.pool.GetConnectionTimeoutException: wait millis 60, active 0, maxActive 50 
13:24:48 - com.alibaba.druid.pool.GetConnectionTimeoutException: wait millis 60, active 0, maxActive 50, runningSqlCount 1 : select 1 from dual 
14:14:28 - java.sql.SQLException: 结果集在最后一行之后 
14:14:28 - java.sql.SQLException: 结果集在最后一行之后
	at oracle.jdbc.driver.GeneratedScrollableResultSet.getString(GeneratedScrollableResultSet.java:970)
	at oracle.jdbc.driver.GeneratedResultSet.getString(GeneratedResultSet.java:1460)
	at com.alibaba.druid.filter.FilterChainImpl.resultSet_getString(FilterChainImpl.java:811)
	at com.alibaba.druid.filter.stat.StatFilter.resultSet_getString(StatFilter.java:931)
	at com.alibaba.druid.filter.FilterChainImpl.resultSet_getString(FilterChainImpl.java:809)
	at com.alibaba.druid.proxy.jdbc.ResultSetProxyImpl.getString(ResultSetProxyImpl.java:693)
	at com.alibaba.druid.pool.DruidPooledResultSet.getString(DruidPooledResultSet.java:257)
	at com.estudio.impl.db.DBCommand.getString(DBCommand.java:396)
	at com.estudio.gis.oracle.WebGISResourceService4Oracle.getDynamicLayerLink(WebGISResourceService4Oracle.java:2437)
	at com.estudio.gis.oracle.WebGISResourceService4Oracle.getMISLayerRecords(WebGISResourceService4Oracle.java:2407)
	at com.estudio.blazeds.services.WebGISService.getMISLayerRecords(WebGISService.java:502)
	at sun.reflect.NativeMethodAccessorImpl.invoke0(Native Method)
	at sun.reflect.NativeMethodAccessorImpl.invoke(NativeMethodAccessorImpl.java:57)
	at sun.reflect.DelegatingMethodAccessorImpl.invoke(DelegatingMethodAccessorImpl.java:43)
	at java.lang.reflect.Method.invoke(Method.java:606)
	at flex.messaging.services.remoting.adapters.JavaAdapter.invoke(JavaAdapter.java:418)
	at flex.messaging.services.RemotingService.serviceMessage(RemotingService.java:183)
	at flex.messaging.MessageBroker.routeMessageToService(MessageBroker.java:1400)
	at flex.messaging.endpoints.AbstractEndpoint.serviceMessage(AbstractEndpoint.java:1005)
	at flex.messaging.endpoints.amf.MessageBrokerFilter.invoke(MessageBrokerFilter.java:103)
	at flex.messaging.endpoints.amf.LegacyFilter.invoke(LegacyFilter.java:158)
	at flex.messaging.endpoints.amf.SessionFilter.invoke(SessionFilter.java:44)
	at flex.messaging.endpoints.amf.BatchProcessFilter.invoke(BatchProcessFilter.java:67)
	at flex.messaging.endpoints.amf.SerializationFilter.invoke(SerializationFilter.java:166)
	at flex.messaging.endpoints.BaseHTTPEndpoint.service(BaseHTTPEndpoint.java:291)
	at flex.messaging.MessageBrokerServlet.service(MessageBrokerServlet.java:353)
	at javax.servlet.http.HttpServlet.service(HttpServlet.java:731)
	at org.apache.catalina.core.ApplicationFilterChain.internalDoFilter(ApplicationFilterChain.java:303)
	at org.apache.catalina.core.ApplicationFilterChain.doFilter(ApplicationFilterChain.java:208)
	at org.apache.tomcat.websocket.server.WsFilter.doFilter(WsFilter.java:52)
	at org.apache.catalina.core.ApplicationFilterChain.internalDoFilter(ApplicationFilterChain.java:241)
	at org.apache.catalina.core.ApplicationFilterChain.doFilter(ApplicationFilterChain.java:208)
	at org.apache.catalina.core.StandardWrapperValve.invoke(StandardWrapperValve.java:218)
	at org.apache.catalina.core.StandardContextValve.invoke(StandardContextValve.java:110)
	at org.apache.catalina.authenticator.AuthenticatorBase.invoke(AuthenticatorBase.java:506)
	at org.apache.catalina.core.StandardHostValve.invoke(StandardHostValve.java:169)
	at org.apache.catalina.valves.ErrorReportValve.invoke(ErrorReportValve.java:103)
	at org.apache.catalina.valves.AccessLogValve.invoke(AccessLogValve.java:962)
	at org.apache.catalina.core.StandardEngineValve.invoke(StandardEngineValve.java:116)
	at org.apache.catalina.connector.CoyoteAdapter.service(CoyoteAdapter.java:445)
	at org.apache.coyote.http11.AbstractHttp11Processor.process(AbstractHttp11Processor.java:1087)
	at org.apache.coyote.AbstractProtocol$AbstractConnectionHandler.process(AbstractProtocol.java:637)
	at org.apache.tomcat.util.net.AprEndpoint$SocketProcessor.doRun(AprEndpoint.java:2536)
	at org.apache.tomcat.util.net.AprEndpoint$SocketProcessor.run(AprEndpoint.java:2525)
	at java.util.concurrent.ThreadPoolExecutor.runWorker(ThreadPoolExecutor.java:1145)
	at java.util.concurrent.ThreadPoolExecutor$Worker.run(ThreadPoolExecutor.java:615)
	at org.apache.tomcat.util.threads.TaskThread$WrappingRunnable.run(TaskThread.java:61)
	at java.lang.Thread.run(Thread.java:745)
 
15:52:29 - com.alibaba.druid.pool.GetConnectionTimeoutException: wait millis 60, active 0, maxActive 50 
15:52:29 - com.alibaba.druid.pool.GetConnectionTimeoutException: wait millis 60, active 0, maxActive 50 
15:52:29 - com.alibaba.druid.pool.GetConnectionTimeoutException: wait millis 60, active 0, maxActive 50, runningSqlCount 1 : select 1 from dual 
15:55:17 - com.alibaba.druid.pool.GetConnectionTimeoutException: wait millis 60, active 0, maxActive 50 
15:55:17 - com.alibaba.druid.pool.GetConnectionTimeoutException: wait millis 61, active 0, maxActive 50 
16:00:17 - com.estudio.define.db.DBException: Error 
16:00:17 - com.estudio.define.db.DBException: Error 
16:05:17 - com.estudio.define.db.DBException: Error 
16:05:17 - com.estudio.define.db.DBException: Error 
16:10:17 - com.estudio.define.db.DBException: Error 
16:10:17 - com.estudio.define.db.DBException: Error 
16:15:17 - com.estudio.define.db.DBException: Error 
16:15:17 - com.estudio.define.db.DBException: Error 
16:20:17 - com.estudio.define.db.DBException: Error 
16:20:17 - com.estudio.define.db.DBException: Error 
16:25:17 - com.estudio.define.db.DBException: Error 
16:25:17 - com.estudio.define.db.DBException: Error 
16:30:17 - com.estudio.define.db.DBException: Error 
16:30:17 - com.estudio.define.db.DBException: Error 
16:32:43 - java.io.IOException: Server returned HTTP response code: 500 for URL: http://127.0.0.1:6080/arcgis/rest/services/ST/GLXZ/MapServer/export?bbox=106.80615855380302,24.768517224587924,111.67929469374343,29.641653364528338&size=256,256&transparent=true&dpi=96&f=image&format=png8&imageSR=4326&bboxSR=4326&layers=show:0,1 
16:32:43 - java.io.IOException: Server returned HTTP response code: 500 for URL: http://127.0.0.1:6080/arcgis/rest/services/ST/GLXZ/MapServer/export?bbox=106.80615855380302,19.89538108464751,111.67929469374343,24.768517224587924&size=256,256&transparent=true&dpi=96&f=image&format=png8&imageSR=4326&bboxSR=4326&layers=show:0,1 
16:32:43 - java.io.IOException: Server returned HTTP response code: 500 for URL: http://127.0.0.1:6080/arcgis/rest/services/ST/GLXZ/MapServer/export?bbox=111.67929469374343,24.768517224587924,116.55243083368384,29.641653364528338&size=256,256&transparent=true&dpi=96&f=image&format=png8&imageSR=4326&bboxSR=4326&layers=show:0,1 
16:32:43 - java.io.IOException: Server returned HTTP response code: 500 for URL: http://127.0.0.1:6080/arcgis/rest/services/ST/GLXZ/MapServer/export?bbox=111.67929469374343,15.022244944707097,116.55243083368384,19.89538108464751&size=256,256&transparent=true&dpi=96&f=image&format=png8&imageSR=4326&bboxSR=4326&layers=show:0,1 
16:32:43 - java.io.IOException: Server returned HTTP response code: 500 for URL: http://127.0.0.1:6080/arcgis/rest/services/ST/GLXZ/MapServer/export?bbox=106.80615855380302,15.022244944707097,111.67929469374343,19.89538108464751&size=256,256&transparent=true&dpi=96&f=image&format=png8&imageSR=4326&bboxSR=4326&layers=show:0,1 
16:35:17 - com.estudio.define.db.DBException: Error 
16:35:17 - com.estudio.define.db.DBException: Error 
16:40:17 - com.estudio.define.db.DBException: Error 
16:40:17 - com.estudio.define.db.DBException: Error 
16:45:17 - com.estudio.define.db.DBException: Error 
16:45:17 - com.estudio.define.db.DBException: Error 
16:50:17 - com.estudio.define.db.DBException: Error 
16:50:17 - com.estudio.define.db.DBException: Error 
16:55:17 - com.estudio.define.db.DBException: Error 
16:55:17 - com.estudio.define.db.DBException: Error 
17:00:17 - com.estudio.define.db.DBException: Error 
17:00:17 - com.estudio.define.db.DBException: Error 
17:05:17 - com.estudio.define.db.DBException: Error 
17:05:17 - com.estudio.define.db.DBException: Error 
17:10:17 - com.estudio.define.db.DBException: Error 
17:10:17 - com.estudio.define.db.DBException: Error 
17:15:17 - com.estudio.define.db.DBException: Error 
17:15:17 - com.estudio.define.db.DBException: Error 
17:20:17 - com.estudio.define.db.DBException: Error 
17:20:17 - com.estudio.define.db.DBException: Error 
17:25:17 - com.estudio.define.db.DBException: Error 
17:25:17 - com.estudio.define.db.DBException: Error 
17:30:17 - com.estudio.define.db.DBException: Error 
17:30:17 - com.estudio.define.db.DBException: Error 
17:35:17 - com.estudio.define.db.DBException: Error 
17:35:17 - com.estudio.define.db.DBException: Error 
23:13:01 - com.alibaba.druid.pool.GetConnectionTimeoutException: wait millis 60, active 0, maxActive 50 
23:13:01 - com.alibaba.druid.pool.GetConnectionTimeoutException: wait millis 60, active 0, maxActive 50 
23:13:01 - com.alibaba.druid.pool.GetConnectionTimeoutException: wait millis 60, active 0, maxActive 50, runningSqlCount 1 : select 1 from dual 
00:05:17 - com.alibaba.druid.pool.GetConnectionTimeoutException: wait millis 60, active 0, maxActive 50 
00:05:17 - com.alibaba.druid.pool.GetConnectionTimeoutException: wait millis 60, active 0, maxActive 50 
00:05:17 - com.alibaba.druid.pool.GetConnectionTimeoutException: wait millis 60, active 0, maxActive 50, runningSqlCount 1 : select 1 from dual 
00:06:15 - com.alibaba.druid.pool.GetConnectionTimeoutException: wait millis 60, active 0, maxActive 50 
00:06:15 - com.alibaba.druid.pool.GetConnectionTimeoutException: wait millis 60, active 0, maxActive 50 
00:06:15 - com.alibaba.druid.pool.GetConnectionTimeoutException: wait millis 60, active 0, maxActive 50, runningSqlCount 1 : select 1 from dual 
00:21:33 - com.alibaba.druid.pool.GetConnectionTimeoutException: wait millis 490, active 0, maxActive 50 
00:21:33 - com.alibaba.druid.pool.GetConnectionTimeoutException: wait millis 490, active 0, maxActive 50 
00:26:28 - com.alibaba.druid.pool.GetConnectionTimeoutException: wait millis 60, active 0, maxActive 50 
00:26:28 - com.alibaba.druid.pool.GetConnectionTimeoutException: wait millis 60, active 0, maxActive 50 
00:39:35 - com.alibaba.druid.pool.GetConnectionTimeoutException: wait millis 60, active 0, maxActive 50 
00:39:35 - com.alibaba.druid.pool.GetConnectionTimeoutException: wait millis 60, active 0, maxActive 50 
00:39:35 - com.alibaba.druid.pool.GetConnectionTimeoutException: wait millis 60, active 0, maxActive 50, runningSqlCount 1 : select 1 from dual 
00:40:24 - com.alibaba.druid.pool.GetConnectionTimeoutException: wait millis 60, active 0, maxActive 50 
00:40:24 - com.alibaba.druid.pool.GetConnectionTimeoutException: wait millis 60, active 0, maxActive 50 
00:40:25 - com.alibaba.druid.pool.GetConnectionTimeoutException: wait millis 60, active 0, maxActive 50, runningSqlCount 1 : select 1 from dual 
00:41:04 - com.alibaba.druid.pool.GetConnectionTimeoutException: wait millis 211, active 0, maxActive 50 
00:41:04 - com.alibaba.druid.pool.GetConnectionTimeoutException: wait millis 212, active 0, maxActive 50 
00:44:07 - com.alibaba.druid.pool.GetConnectionTimeoutException: wait millis 60, active 0, maxActive 50 
00:44:07 - com.alibaba.druid.pool.GetConnectionTimeoutException: wait millis 60, active 0, maxActive 50 
00:46:08 - com.alibaba.druid.pool.GetConnectionTimeoutException: wait millis 60, active 0, maxActive 50 
00:46:08 - com.alibaba.druid.pool.GetConnectionTimeoutException: wait millis 60, active 0, maxActive 50 
00:46:08 - com.alibaba.druid.pool.GetConnectionTimeoutException: wait millis 60, active 0, maxActive 50, runningSqlCount 1 : select 1 from dual 
00:49:29 - com.alibaba.druid.pool.GetConnectionTimeoutException: wait millis 60, active 0, maxActive 50 
00:49:29 - com.alibaba.druid.pool.GetConnectionTimeoutException: wait millis 60, active 0, maxActive 50 
00:49:29 - com.alibaba.druid.pool.GetConnectionTimeoutException: wait millis 60, active 0, maxActive 50, runningSqlCount 1 : select 1 from dual 
01:12:05 - com.alibaba.druid.pool.GetConnectionTimeoutException: wait millis 60, active 0, maxActive 50 
01:12:05 - com.alibaba.druid.pool.GetConnectionTimeoutException: wait millis 60, active 0, maxActive 50 
01:12:05 - com.alibaba.druid.pool.GetConnectionTimeoutException: wait millis 60, active 0, maxActive 50, runningSqlCount 1 : select 1 from dual 
